#
# There is insufficient memory for the Java Runtime Environment to continue.
# Native memory allocation (mmap) failed to map 65536 bytes for Failed to commit metaspace.
# Possible reasons:
#   The system is out of physical RAM or swap space
#   The process is running with CompressedOops enabled, and the Java Heap may be blocking the growth of the native heap
# Possible solutions:
#   Reduce memory load on the system
#   Increase physical memory or swap space
#   Check if swap backing store is full
#   Decrease Java heap size (-Xmx/-Xms)
#   Decrease number of Java threads
#   Decrease Java thread stack sizes (-Xss)
#   Set larger code cache with -XX:ReservedCodeCacheSize=
#   JVM is running with Zero Based Compressed Oops mode in which the Java heap is
#     placed in the first 32GB address space. The Java Heap base address is the
#     maximum limit for the native heap growth. Please use -XX:HeapBaseMinAddress
#     to set the Java Heap base and to place the Java Heap above 32GB virtual address.
# This output file may be truncated or incomplete.
#
#  Out of Memory Error (virtualSpaceNode.cpp:110), pid=1004, tid=19052
#
# JRE version: Java(TM) SE Runtime Environment (20.0+36) (build 20+36-2344)
# Java VM: Java HotSpot(TM) 64-Bit Server VM (20+36-2344, mixed mode, tiered, compressed oops, compressed class ptrs, g1 gc, windows-amd64)
# No core dump will be written. Minidumps are not enabled by default on client versions of Windows
#

---------------  S U M M A R Y ------------

Command Line: -Dfile.encoding=UTF-8 --module-path=C:\Users\DAVIDE\Desktop\guitar-hero\build\classes prova.GUI

Host: Intel(R) Core(TM) i7-7500U CPU @ 2.70GHz, 4 cores, 11G,  Windows 11 , 64 bit Build 22621 (10.0.22621.2506)
Time: Sun Jan 14 15:53:11 2024 ora solare Europa occidentale elapsed time: 0.240950 seconds (0d 0h 0m 0s)

---------------  T H R E A D  ---------------

Current thread (0x000001a7a999d9b0):  JavaThread "main" [_thread_in_vm, id=19052, stack(0x0000002c7e100000,0x0000002c7e200000)]

Stack: [0x0000002c7e100000,0x0000002c7e200000]
Native frames: (J=compiled Java code, j=interpreted, Vv=VM code, C=native code)
V  [jvm.dll+0x6bb95a]
V  [jvm.dll+0x8483aa]
V  [jvm.dll+0x849fa5]
V  [jvm.dll+0x84a6a3]
V  [jvm.dll+0x280b0f]
V  [jvm.dll+0x8442eb]
V  [jvm.dll+0x65fd86]
V  [jvm.dll+0x1eb4e7]
V  [jvm.dll+0x6627a2]
V  [jvm.dll+0x66258e]
V  [jvm.dll+0x66079e]
V  [jvm.dll+0x3c366f]
V  [jvm.dll+0x21353b]
V  [jvm.dll+0x59c296]
V  [jvm.dll+0x222d6a]
V  [jvm.dll+0x7c2aa4]
V  [jvm.dll+0x7c3ba9]
V  [jvm.dll+0x7c414f]
V  [jvm.dll+0x7c3df8]
V  [jvm.dll+0x27024b]
V  [jvm.dll+0x3d8ad6]
C  0x000001a7b8fafa87

Java frames: (J=compiled Java code, j=interpreted, Vv=VM code)
j  jdk.internal.module.ServicesCatalog.register(Ljava/lang/Module;)V+60 java.base@20
j  java.lang.Module.defineModules(Ljava/lang/module/Configuration;Ljava/util/function/Function;Ljava/lang/ModuleLayer;)Ljava/util/Map;+747 java.base@20
j  java.lang.ModuleLayer.<init>(Ljava/lang/module/Configuration;Ljava/util/List;Ljava/util/function/Function;)V+34 java.base@20
j  java.lang.ModuleLayer.defineModules(Ljava/lang/module/Configuration;Ljava/util/List;Ljava/util/function/Function;)Ljava/lang/ModuleLayer$Controller;+36 java.base@20
j  java.lang.ModuleLayer.defineModules(Ljava/lang/module/Configuration;Ljava/util/function/Function;)Ljava/lang/ModuleLayer;+6 java.base@20
j  jdk.internal.module.ModuleBootstrap.boot2()Ljava/lang/ModuleLayer;+1207 java.base@20
j  jdk.internal.module.ModuleBootstrap.boot()Ljava/lang/ModuleLayer;+64 java.base@20
j  java.lang.System.initPhase2(ZZ)I+0 java.base@20
v  ~StubRoutines::call_stub 0x000001a7b8f8100d

---------------  P R O C E S S  ---------------

Threads class SMR info:
_java_thread_list=0x000001a7cb5d0d00, length=10, elements={
0x000001a7a999d9b0, 0x000001a7c710dc10, 0x000001a7c710ea10, 0x000001a7cb4366d0,
0x000001a7cb438220, 0x000001a7cb43b310, 0x000001a7cb43c520, 0x000001a7cb422170,
0x000001a7cb43f110, 0x000001a7cb553610
}

Java Threads: ( => current thread )
=>0x000001a7a999d9b0 JavaThread "main" [_thread_in_vm, id=19052, stack(0x0000002c7e100000,0x0000002c7e200000)]
  0x000001a7c710dc10 JavaThread "Reference Handler" daemon [_thread_blocked, id=15036, stack(0x0000002c7e800000,0x0000002c7e900000)]
  0x000001a7c710ea10 JavaThread "Finalizer" daemon [_thread_blocked, id=17488, stack(0x0000002c7e900000,0x0000002c7ea00000)]
  0x000001a7cb4366d0 JavaThread "Signal Dispatcher" daemon [_thread_blocked, id=9408, stack(0x0000002c7ea00000,0x0000002c7eb00000)]
  0x000001a7cb438220 JavaThread "Attach Listener" daemon [_thread_blocked, id=4988, stack(0x0000002c7eb00000,0x0000002c7ec00000)]
  0x000001a7cb43b310 JavaThread "Service Thread" daemon [_thread_blocked, id=16700, stack(0x0000002c7ec00000,0x0000002c7ed00000)]
  0x000001a7cb43c520 JavaThread "Monitor Deflation Thread" daemon [_thread_blocked, id=21992, stack(0x0000002c7ed00000,0x0000002c7ee00000)]
  0x000001a7cb422170 JavaThread "C2 CompilerThread0" daemon [_thread_in_native, id=1844, stack(0x0000002c7ee00000,0x0000002c7ef00000)]
  0x000001a7cb43f110 JavaThread "C1 CompilerThread0" daemon [_thread_blocked, id=3932, stack(0x0000002c7ef00000,0x0000002c7f000000)]
  0x000001a7cb553610 JavaThread "Common-Cleaner" daemon [_thread_blocked, id=2748, stack(0x0000002c7f000000,0x0000002c7f100000)]

Other Threads:
  0x000001a7c70e1790 VMThread "VM Thread" [stack: 0x0000002c7e700000,0x0000002c7e800000] [id=10856]
  0x000001a7a99fa920 WorkerThread "GC Thread#0" [stack: 0x0000002c7e200000,0x0000002c7e300000] [id=21108]
  0x000001a7a9a07810 ConcurrentGCThread "G1 Main Marker" [stack: 0x0000002c7e300000,0x0000002c7e400000] [id=23520]
  0x000001a7a9a089e0 WorkerThread "G1 Conc#0" [stack: 0x0000002c7e400000,0x0000002c7e500000] [id=12508]
  0x000001a7c6f240b0 ConcurrentGCThread "G1 Refine#0" [stack: 0x0000002c7e500000,0x0000002c7e600000] [id=20444]
  0x000001a7c6f24b50 ConcurrentGCThread "G1 Service" [stack: 0x0000002c7e600000,0x0000002c7e700000] [id=3992]

Threads with active compile tasks:
C2 CompilerThread0      266  173       4       java.util.HashMap::putVal (300 bytes)

VM state: not at safepoint (normal execution)

VM Mutex/Monitor currently owned by a thread:  ([mutex/lock_event])
[0x000001a7a9997180] Metaspace_lock - owner thread: 0x000001a7a999d9b0

Heap address: 0x0000000741c00000, size: 3044 MB, Compressed Oops mode: Zero based, Oop shift amount: 3

CDS archive(s) not mapped
Compressed class space mapped at: 0x0000000800000000-0x0000000840000000, reserved size: 1073741824
Narrow klass base: 0x0000000800000000, Narrow klass shift: 0, Narrow klass range: 0x40000000

GC Precious Log:
 CardTable entry size: 512
 Card Set container configuration: InlinePtr #cards 4 size 8 Array Of Cards #cards 16 size 48 Howl #buckets 8 coarsen threshold 3686 Howl Bitmap #cards 512 size 80 coarsen threshold 460 Card regions per heap region 1 cards per card region 4096
 CPUs: 4 total, 4 available
 Memory: 12172M
 Large Page Support: Disabled
 NUMA Support: Disabled
 Compressed Oops: Enabled (Zero based)
 Heap Region Size: 2M
 Heap Min Capacity: 8M
 Heap Initial Capacity: 192M
 Heap Max Capacity: 3044M
 Pre-touch: Disabled
 Parallel Workers: 4
 Concurrent Workers: 1
 Concurrent Refinement Workers: 4
 Periodic GC: Disabled

Heap:
 garbage-first heap   total 196608K, used 2048K [0x0000000741c00000, 0x0000000800000000)
  region size 2048K, 2 young (4096K), 0 survivors (0K)
 Metaspace       used 6119K, committed 6208K, reserved 1114112K
  class space    used 509K, committed 512K, reserved 1048576K

Heap Regions: E=young(eden), S=young(survivor), O=old, HS=humongous(starts), HC=humongous(continues), CS=collection set, F=free, OA=open archive, CA=closed archive, TAMS=top-at-mark-start, PB=parsable bottom
|   0|0x0000000741c00000, 0x0000000741c00000, 0x0000000741e00000|  0%| F|  |TAMS 0x0000000741c00000| PB 0x0000000741c00000| Untracked 
|   1|0x0000000741e00000, 0x0000000741e00000, 0x0000000742000000|  0%| F|  |TAMS 0x0000000741e00000| PB 0x0000000741e00000| Untracked 
|   2|0x0000000742000000, 0x0000000742000000, 0x0000000742200000|  0%| F|  |TAMS 0x0000000742000000| PB 0x0000000742000000| Untracked 
|   3|0x0000000742200000, 0x0000000742200000, 0x0000000742400000|  0%| F|  |TAMS 0x0000000742200000| PB 0x0000000742200000| Untracked 
|   4|0x0000000742400000, 0x0000000742400000, 0x0000000742600000|  0%| F|  |TAMS 0x0000000742400000| PB 0x0000000742400000| Untracked 
|   5|0x0000000742600000, 0x0000000742600000, 0x0000000742800000|  0%| F|  |TAMS 0x0000000742600000| PB 0x0000000742600000| Untracked 
|   6|0x0000000742800000, 0x0000000742800000, 0x0000000742a00000|  0%| F|  |TAMS 0x0000000742800000| PB 0x0000000742800000| Untracked 
|   7|0x0000000742a00000, 0x0000000742a00000, 0x0000000742c00000|  0%| F|  |TAMS 0x0000000742a00000| PB 0x0000000742a00000| Untracked 
|   8|0x0000000742c00000, 0x0000000742c00000, 0x0000000742e00000|  0%| F|  |TAMS 0x0000000742c00000| PB 0x0000000742c00000| Untracked 
|   9|0x0000000742e00000, 0x0000000742e00000, 0x0000000743000000|  0%| F|  |TAMS 0x0000000742e00000| PB 0x0000000742e00000| Untracked 
|  10|0x0000000743000000, 0x0000000743000000, 0x0000000743200000|  0%| F|  |TAMS 0x0000000743000000| PB 0x0000000743000000| Untracked 
|  11|0x0000000743200000, 0x0000000743200000, 0x0000000743400000|  0%| F|  |TAMS 0x0000000743200000| PB 0x0000000743200000| Untracked 
|  12|0x0000000743400000, 0x0000000743400000, 0x0000000743600000|  0%| F|  |TAMS 0x0000000743400000| PB 0x0000000743400000| Untracked 
|  13|0x0000000743600000, 0x0000000743600000, 0x0000000743800000|  0%| F|  |TAMS 0x0000000743600000| PB 0x0000000743600000| Untracked 
|  14|0x0000000743800000, 0x0000000743800000, 0x0000000743a00000|  0%| F|  |TAMS 0x0000000743800000| PB 0x0000000743800000| Untracked 
|  15|0x0000000743a00000, 0x0000000743a00000, 0x0000000743c00000|  0%| F|  |TAMS 0x0000000743a00000| PB 0x0000000743a00000| Untracked 
|  16|0x0000000743c00000, 0x0000000743c00000, 0x0000000743e00000|  0%| F|  |TAMS 0x0000000743c00000| PB 0x0000000743c00000| Untracked 
|  17|0x0000000743e00000, 0x0000000743e00000, 0x0000000744000000|  0%| F|  |TAMS 0x0000000743e00000| PB 0x0000000743e00000| Untracked 
|  18|0x0000000744000000, 0x0000000744000000, 0x0000000744200000|  0%| F|  |TAMS 0x0000000744000000| PB 0x0000000744000000| Untracked 
|  19|0x0000000744200000, 0x0000000744200000, 0x0000000744400000|  0%| F|  |TAMS 0x0000000744200000| PB 0x0000000744200000| Untracked 
|  20|0x0000000744400000, 0x0000000744400000, 0x0000000744600000|  0%| F|  |TAMS 0x0000000744400000| PB 0x0000000744400000| Untracked 
|  21|0x0000000744600000, 0x0000000744600000, 0x0000000744800000|  0%| F|  |TAMS 0x0000000744600000| PB 0x0000000744600000| Untracked 
|  22|0x0000000744800000, 0x0000000744800000, 0x0000000744a00000|  0%| F|  |TAMS 0x0000000744800000| PB 0x0000000744800000| Untracked 
|  23|0x0000000744a00000, 0x0000000744a00000, 0x0000000744c00000|  0%| F|  |TAMS 0x0000000744a00000| PB 0x0000000744a00000| Untracked 
|  24|0x0000000744c00000, 0x0000000744c00000, 0x0000000744e00000|  0%| F|  |TAMS 0x0000000744c00000| PB 0x0000000744c00000| Untracked 
|  25|0x0000000744e00000, 0x0000000744e00000, 0x0000000745000000|  0%| F|  |TAMS 0x0000000744e00000| PB 0x0000000744e00000| Untracked 
|  26|0x0000000745000000, 0x0000000745000000, 0x0000000745200000|  0%| F|  |TAMS 0x0000000745000000| PB 0x0000000745000000| Untracked 
|  27|0x0000000745200000, 0x0000000745200000, 0x0000000745400000|  0%| F|  |TAMS 0x0000000745200000| PB 0x0000000745200000| Untracked 
|  28|0x0000000745400000, 0x0000000745400000, 0x0000000745600000|  0%| F|  |TAMS 0x0000000745400000| PB 0x0000000745400000| Untracked 
|  29|0x0000000745600000, 0x0000000745600000, 0x0000000745800000|  0%| F|  |TAMS 0x0000000745600000| PB 0x0000000745600000| Untracked 
|  30|0x0000000745800000, 0x0000000745800000, 0x0000000745a00000|  0%| F|  |TAMS 0x0000000745800000| PB 0x0000000745800000| Untracked 
|  31|0x0000000745a00000, 0x0000000745a00000, 0x0000000745c00000|  0%| F|  |TAMS 0x0000000745a00000| PB 0x0000000745a00000| Untracked 
|  32|0x0000000745c00000, 0x0000000745c00000, 0x0000000745e00000|  0%| F|  |TAMS 0x0000000745c00000| PB 0x0000000745c00000| Untracked 
|  33|0x0000000745e00000, 0x0000000745e00000, 0x0000000746000000|  0%| F|  |TAMS 0x0000000745e00000| PB 0x0000000745e00000| Untracked 
|  34|0x0000000746000000, 0x0000000746000000, 0x0000000746200000|  0%| F|  |TAMS 0x0000000746000000| PB 0x0000000746000000| Untracked 
|  35|0x0000000746200000, 0x0000000746200000, 0x0000000746400000|  0%| F|  |TAMS 0x0000000746200000| PB 0x0000000746200000| Untracked 
|  36|0x0000000746400000, 0x0000000746400000, 0x0000000746600000|  0%| F|  |TAMS 0x0000000746400000| PB 0x0000000746400000| Untracked 
|  37|0x0000000746600000, 0x0000000746600000, 0x0000000746800000|  0%| F|  |TAMS 0x0000000746600000| PB 0x0000000746600000| Untracked 
|  38|0x0000000746800000, 0x0000000746800000, 0x0000000746a00000|  0%| F|  |TAMS 0x0000000746800000| PB 0x0000000746800000| Untracked 
|  39|0x0000000746a00000, 0x0000000746a00000, 0x0000000746c00000|  0%| F|  |TAMS 0x0000000746a00000| PB 0x0000000746a00000| Untracked 
|  40|0x0000000746c00000, 0x0000000746c00000, 0x0000000746e00000|  0%| F|  |TAMS 0x0000000746c00000| PB 0x0000000746c00000| Untracked 
|  41|0x0000000746e00000, 0x0000000746e00000, 0x0000000747000000|  0%| F|  |TAMS 0x0000000746e00000| PB 0x0000000746e00000| Untracked 
|  42|0x0000000747000000, 0x0000000747000000, 0x0000000747200000|  0%| F|  |TAMS 0x0000000747000000| PB 0x0000000747000000| Untracked 
|  43|0x0000000747200000, 0x0000000747200000, 0x0000000747400000|  0%| F|  |TAMS 0x0000000747200000| PB 0x0000000747200000| Untracked 
|  44|0x0000000747400000, 0x0000000747400000, 0x0000000747600000|  0%| F|  |TAMS 0x0000000747400000| PB 0x0000000747400000| Untracked 
|  45|0x0000000747600000, 0x0000000747600000, 0x0000000747800000|  0%| F|  |TAMS 0x0000000747600000| PB 0x0000000747600000| Untracked 
|  46|0x0000000747800000, 0x0000000747800000, 0x0000000747a00000|  0%| F|  |TAMS 0x0000000747800000| PB 0x0000000747800000| Untracked 
|  47|0x0000000747a00000, 0x0000000747a00000, 0x0000000747c00000|  0%| F|  |TAMS 0x0000000747a00000| PB 0x0000000747a00000| Untracked 
|  48|0x0000000747c00000, 0x0000000747c00000, 0x0000000747e00000|  0%| F|  |TAMS 0x0000000747c00000| PB 0x0000000747c00000| Untracked 
|  49|0x0000000747e00000, 0x0000000747e00000, 0x0000000748000000|  0%| F|  |TAMS 0x0000000747e00000| PB 0x0000000747e00000| Untracked 
|  50|0x0000000748000000, 0x0000000748000000, 0x0000000748200000|  0%| F|  |TAMS 0x0000000748000000| PB 0x0000000748000000| Untracked 
|  51|0x0000000748200000, 0x0000000748200000, 0x0000000748400000|  0%| F|  |TAMS 0x0000000748200000| PB 0x0000000748200000| Untracked 
|  52|0x0000000748400000, 0x0000000748400000, 0x0000000748600000|  0%| F|  |TAMS 0x0000000748400000| PB 0x0000000748400000| Untracked 
|  53|0x0000000748600000, 0x0000000748600000, 0x0000000748800000|  0%| F|  |TAMS 0x0000000748600000| PB 0x0000000748600000| Untracked 
|  54|0x0000000748800000, 0x0000000748800000, 0x0000000748a00000|  0%| F|  |TAMS 0x0000000748800000| PB 0x0000000748800000| Untracked 
|  55|0x0000000748a00000, 0x0000000748a00000, 0x0000000748c00000|  0%| F|  |TAMS 0x0000000748a00000| PB 0x0000000748a00000| Untracked 
|  56|0x0000000748c00000, 0x0000000748c00000, 0x0000000748e00000|  0%| F|  |TAMS 0x0000000748c00000| PB 0x0000000748c00000| Untracked 
|  57|0x0000000748e00000, 0x0000000748e00000, 0x0000000749000000|  0%| F|  |TAMS 0x0000000748e00000| PB 0x0000000748e00000| Untracked 
|  58|0x0000000749000000, 0x0000000749000000, 0x0000000749200000|  0%| F|  |TAMS 0x0000000749000000| PB 0x0000000749000000| Untracked 
|  59|0x0000000749200000, 0x0000000749200000, 0x0000000749400000|  0%| F|  |TAMS 0x0000000749200000| PB 0x0000000749200000| Untracked 
|  60|0x0000000749400000, 0x0000000749400000, 0x0000000749600000|  0%| F|  |TAMS 0x0000000749400000| PB 0x0000000749400000| Untracked 
|  61|0x0000000749600000, 0x0000000749600000, 0x0000000749800000|  0%| F|  |TAMS 0x0000000749600000| PB 0x0000000749600000| Untracked 
|  62|0x0000000749800000, 0x0000000749800000, 0x0000000749a00000|  0%| F|  |TAMS 0x0000000749800000| PB 0x0000000749800000| Untracked 
|  63|0x0000000749a00000, 0x0000000749a00000, 0x0000000749c00000|  0%| F|  |TAMS 0x0000000749a00000| PB 0x0000000749a00000| Untracked 
|  64|0x0000000749c00000, 0x0000000749c00000, 0x0000000749e00000|  0%| F|  |TAMS 0x0000000749c00000| PB 0x0000000749c00000| Untracked 
|  65|0x0000000749e00000, 0x0000000749e00000, 0x000000074a000000|  0%| F|  |TAMS 0x0000000749e00000| PB 0x0000000749e00000| Untracked 
|  66|0x000000074a000000, 0x000000074a000000, 0x000000074a200000|  0%| F|  |TAMS 0x000000074a000000| PB 0x000000074a000000| Untracked 
|  67|0x000000074a200000, 0x000000074a200000, 0x000000074a400000|  0%| F|  |TAMS 0x000000074a200000| PB 0x000000074a200000| Untracked 
|  68|0x000000074a400000, 0x000000074a400000, 0x000000074a600000|  0%| F|  |TAMS 0x000000074a400000| PB 0x000000074a400000| Untracked 
|  69|0x000000074a600000, 0x000000074a600000, 0x000000074a800000|  0%| F|  |TAMS 0x000000074a600000| PB 0x000000074a600000| Untracked 
|  70|0x000000074a800000, 0x000000074a800000, 0x000000074aa00000|  0%| F|  |TAMS 0x000000074a800000| PB 0x000000074a800000| Untracked 
|  71|0x000000074aa00000, 0x000000074aa00000, 0x000000074ac00000|  0%| F|  |TAMS 0x000000074aa00000| PB 0x000000074aa00000| Untracked 
|  72|0x000000074ac00000, 0x000000074ac00000, 0x000000074ae00000|  0%| F|  |TAMS 0x000000074ac00000| PB 0x000000074ac00000| Untracked 
|  73|0x000000074ae00000, 0x000000074ae00000, 0x000000074b000000|  0%| F|  |TAMS 0x000000074ae00000| PB 0x000000074ae00000| Untracked 
|  74|0x000000074b000000, 0x000000074b000000, 0x000000074b200000|  0%| F|  |TAMS 0x000000074b000000| PB 0x000000074b000000| Untracked 
|  75|0x000000074b200000, 0x000000074b200000, 0x000000074b400000|  0%| F|  |TAMS 0x000000074b200000| PB 0x000000074b200000| Untracked 
|  76|0x000000074b400000, 0x000000074b400000, 0x000000074b600000|  0%| F|  |TAMS 0x000000074b400000| PB 0x000000074b400000| Untracked 
|  77|0x000000074b600000, 0x000000074b600000, 0x000000074b800000|  0%| F|  |TAMS 0x000000074b600000| PB 0x000000074b600000| Untracked 
|  78|0x000000074b800000, 0x000000074b800000, 0x000000074ba00000|  0%| F|  |TAMS 0x000000074b800000| PB 0x000000074b800000| Untracked 
|  79|0x000000074ba00000, 0x000000074ba00000, 0x000000074bc00000|  0%| F|  |TAMS 0x000000074ba00000| PB 0x000000074ba00000| Untracked 
|  80|0x000000074bc00000, 0x000000074bc00000, 0x000000074be00000|  0%| F|  |TAMS 0x000000074bc00000| PB 0x000000074bc00000| Untracked 
|  81|0x000000074be00000, 0x000000074be00000, 0x000000074c000000|  0%| F|  |TAMS 0x000000074be00000| PB 0x000000074be00000| Untracked 
|  82|0x000000074c000000, 0x000000074c000000, 0x000000074c200000|  0%| F|  |TAMS 0x000000074c000000| PB 0x000000074c000000| Untracked 
|  83|0x000000074c200000, 0x000000074c200000, 0x000000074c400000|  0%| F|  |TAMS 0x000000074c200000| PB 0x000000074c200000| Untracked 
|  84|0x000000074c400000, 0x000000074c400000, 0x000000074c600000|  0%| F|  |TAMS 0x000000074c400000| PB 0x000000074c400000| Untracked 
|  85|0x000000074c600000, 0x000000074c600000, 0x000000074c800000|  0%| F|  |TAMS 0x000000074c600000| PB 0x000000074c600000| Untracked 
|  86|0x000000074c800000, 0x000000074c800000, 0x000000074ca00000|  0%| F|  |TAMS 0x000000074c800000| PB 0x000000074c800000| Untracked 
|  87|0x000000074ca00000, 0x000000074ca00000, 0x000000074cc00000|  0%| F|  |TAMS 0x000000074ca00000| PB 0x000000074ca00000| Untracked 
|  88|0x000000074cc00000, 0x000000074cc00000, 0x000000074ce00000|  0%| F|  |TAMS 0x000000074cc00000| PB 0x000000074cc00000| Untracked 
|  89|0x000000074ce00000, 0x000000074ce00000, 0x000000074d000000|  0%| F|  |TAMS 0x000000074ce00000| PB 0x000000074ce00000| Untracked 
|  90|0x000000074d000000, 0x000000074d000000, 0x000000074d200000|  0%| F|  |TAMS 0x000000074d000000| PB 0x000000074d000000| Untracked 
|  91|0x000000074d200000, 0x000000074d200000, 0x000000074d400000|  0%| F|  |TAMS 0x000000074d200000| PB 0x000000074d200000| Untracked 
|  92|0x000000074d400000, 0x000000074d400000, 0x000000074d600000|  0%| F|  |TAMS 0x000000074d400000| PB 0x000000074d400000| Untracked 
|  93|0x000000074d600000, 0x000000074d600000, 0x000000074d800000|  0%| F|  |TAMS 0x000000074d600000| PB 0x000000074d600000| Untracked 
|  94|0x000000074d800000, 0x000000074d87b670, 0x000000074da00000| 24%| E|  |TAMS 0x000000074d800000| PB 0x000000074d800000| Complete 
|  95|0x000000074da00000, 0x000000074dc00000, 0x000000074dc00000|100%| E|CS|TAMS 0x000000074da00000| PB 0x000000074da00000| Complete 

Card table byte_map: [0x000001a7c1050000,0x000001a7c1650000] _byte_map_base: 0x000001a7bd642000

Marking Bits: (CMBitMap*) 0x000001a7a99faf50
 Bits: [0x000001a7c1c50000, 0x000001a7c4be0000)

Polling page: 0x000001a7a7910000

Metaspace:

Usage:
  Non-class:      5.48 MB used.
      Class:    509.51 KB used.
       Both:      5.98 MB used.

Virtual space:
  Non-class space:       64.00 MB reserved,       5.56 MB (  9%) committed,  1 nodes.
      Class space:        1.00 GB reserved,     512.00 KB ( <1%) committed,  1 nodes.
             Both:        1.06 GB reserved,       6.06 MB ( <1%) committed. 

Chunk freelists:
   Non-Class:  2.50 MB
       Class:  3.25 MB
        Both:  5.75 MB

MaxMetaspaceSize: unlimited
CompressedClassSpaceSize: 1.00 GB
Initial GC threshold: 21.00 MB
Current GC threshold: 21.00 MB
CDS: off
MetaspaceReclaimPolicy: balanced
 - commit_granule_bytes: 65536.
 - commit_granule_words: 8192.
 - virtual_space_node_default_size: 8388608.
 - enlarge_chunks_in_place: 1.
 - new_chunks_are_fully_committed: 0.
 - uncommit_free_chunks: 1.
 - use_allocation_guard: 0.


Internal statistics:

num_allocs_failed_limit: 0.
num_arena_births: 6.
num_arena_deaths: 0.
num_vsnodes_births: 2.
num_vsnodes_deaths: 0.
num_space_committed: 97.
num_space_uncommitted: 0.
num_chunks_returned_to_freelist: 0.
num_chunks_taken_from_freelist: 16.
num_chunk_merges: 0.
num_chunk_splits: 6.
num_chunks_enlarged: 2.
num_inconsistent_stats: 0.

CodeHeap 'non-profiled nmethods': size=120000Kb used=58Kb max_used=58Kb free=119942Kb
 bounds [0x000001a7b9520000, 0x000001a7b9790000, 0x000001a7c0a50000]
CodeHeap 'profiled nmethods': size=120000Kb used=212Kb max_used=212Kb free=119787Kb
 bounds [0x000001a7b1a50000, 0x000001a7b1cc0000, 0x000001a7b8f80000]
CodeHeap 'non-nmethods': size=5760Kb used=1318Kb max_used=1332Kb free=4441Kb
 bounds [0x000001a7b8f80000, 0x000001a7b91f0000, 0x000001a7b9520000]
 total_blobs=574 nmethods=198 adapters=287
 compilation: enabled
              stopped_count=0, restarted_count=0
 full_count=0

Compilation events (20 events):
Event: 0.234 Thread 0x000001a7cb43f110  190       3       java.util.Optional::ofNullable (19 bytes)
Event: 0.234 Thread 0x000001a7cb43f110 nmethod 190 0x000001a7b1a83190 code [0x000001a7b1a83320, 0x000001a7b1a835e8]
Event: 0.234 Thread 0x000001a7cb43f110  191       3       java.lang.StringBuilder::length (5 bytes)
Event: 0.234 Thread 0x000001a7cb43f110 nmethod 191 0x000001a7b1a83710 code [0x000001a7b1a838a0, 0x000001a7b1a839c8]
Event: 0.234 Thread 0x000001a7cb43f110  192       1       java.lang.module.ModuleDescriptor$Version::toString (5 bytes)
Event: 0.234 Thread 0x000001a7cb43f110 nmethod 192 0x000001a7b952d810 code [0x000001a7b952d980, 0x000001a7b952da50]
Event: 0.234 Thread 0x000001a7cb43f110  193       3       java.lang.module.ResolvedModule::name (11 bytes)
Event: 0.235 Thread 0x000001a7cb43f110 nmethod 193 0x000001a7b1a83a90 code [0x000001a7b1a83c20, 0x000001a7b1a83d90]
Event: 0.235 Thread 0x000001a7cb43f110  194       3       java.util.HashSet::<init> (16 bytes)
Event: 0.235 Thread 0x000001a7cb43f110 nmethod 194 0x000001a7b1a83e90 code [0x000001a7b1a84040, 0x000001a7b1a84458]
Event: 0.235 Thread 0x000001a7cb43f110  196       3       java.util.ImmutableCollections$Set12::iterator (9 bytes)
Event: 0.236 Thread 0x000001a7cb43f110 nmethod 196 0x000001a7b1a84610 code [0x000001a7b1a847c0, 0x000001a7b1a84ab8]
Event: 0.236 Thread 0x000001a7cb43f110  197       3       java.util.ImmutableCollections$Set12$1::<init> (32 bytes)
Event: 0.236 Thread 0x000001a7cb43f110 nmethod 197 0x000001a7b1a84b90 code [0x000001a7b1a84d20, 0x000001a7b1a84f60]
Event: 0.236 Thread 0x000001a7cb43f110  198       1       java.lang.module.ResolvedModule::configuration (5 bytes)
Event: 0.236 Thread 0x000001a7cb43f110 nmethod 198 0x000001a7b952db10 code [0x000001a7b952dc80, 0x000001a7b952dd50]
Event: 0.236 Thread 0x000001a7cb43f110  199       1       java.lang.module.ModuleDescriptor::isOpen (5 bytes)
Event: 0.236 Thread 0x000001a7cb43f110 nmethod 199 0x000001a7b952e210 code [0x000001a7b952e380, 0x000001a7b952e450]
Event: 0.236 Thread 0x000001a7cb43f110  201       1       java.util.HashMap::size (5 bytes)
Event: 0.236 Thread 0x000001a7cb43f110 nmethod 201 0x000001a7b952e510 code [0x000001a7b952e680, 0x000001a7b952e748]

GC Heap History (0 events):
No events

Dll operation events (4 events):
Event: 0.008 Loaded shared library C:\Program Files\Java\jdk-20\bin\java.dll
Event: 0.050 Loaded shared library C:\Program Files\Java\jdk-20\bin\jsvml.dll
Event: 0.214 Loaded shared library C:\Program Files\Java\jdk-20\bin\net.dll
Event: 0.216 Loaded shared library C:\Program Files\Java\jdk-20\bin\nio.dll

Deoptimization events (0 events):
No events

Classes loaded (20 events):
Event: 0.222 Loading class java/util/Collections$UnmodifiableCollection$1 done
Event: 0.222 Loading class java/lang/ModuleLayer
Event: 0.222 Loading class java/lang/ModuleLayer done
Event: 0.223 Loading class java/util/LinkedHashSet
Event: 0.223 Loading class java/util/LinkedHashSet done
Event: 0.223 Loading class java/util/LinkedHashMap
Event: 0.224 Loading class java/util/LinkedHashMap done
Event: 0.224 Loading class jdk/internal/module/ModuleReferenceImpl$CachedHash
Event: 0.224 Loading class jdk/internal/module/ModuleReferenceImpl$CachedHash done
Event: 0.224 Loading class java/lang/module/ResolvedModule
Event: 0.224 Loading class java/lang/module/ResolvedModule done
Event: 0.231 Loading class jdk/internal/module/ModuleLoaderMap
Event: 0.231 Loading class jdk/internal/module/ModuleLoaderMap done
Event: 0.231 Loading class jdk/internal/module/ModuleLoaderMap$Mapper
Event: 0.232 Loading class jdk/internal/module/ModuleLoaderMap$Mapper done
Event: 0.232 Loading class jdk/internal/module/ModuleLoaderMap$Modules
Event: 0.232 Loading class jdk/internal/module/ModuleLoaderMap$Modules done
Event: 0.236 Loading class jdk/internal/loader/AbstractClassLoaderValue$Memoizer
Event: 0.236 Loading class jdk/internal/loader/AbstractClassLoaderValue$Memoizer done
Event: 0.236 Loading class jdk/internal/module/ServicesCatalog$ServiceProvider

Classes unloaded (0 events):
No events

Classes redefined (0 events):
No events

Internal exceptions (6 events):
Event: 0.218 Thread 0x000001a7a999d9b0 Exception <a 'sun/nio/fs/WindowsException'{0x000000074dbc8cd8}> (0x000000074dbc8cd8) 
thrown [s\open\src\hotspot\share\prims\jni.cpp, line 519]
Event: 0.220 Thread 0x000001a7a999d9b0 Exception <a 'sun/nio/fs/WindowsException'{0x000000074dbcae78}> (0x000000074dbcae78) 
thrown [s\open\src\hotspot\share\prims\jni.cpp, line 519]
Event: 0.220 Thread 0x000001a7a999d9b0 Exception <a 'sun/nio/fs/WindowsException'{0x000000074dbcc790}> (0x000000074dbcc790) 
thrown [s\open\src\hotspot\share\prims\jni.cpp, line 519]
Event: 0.221 Thread 0x000001a7a999d9b0 Exception <a 'sun/nio/fs/WindowsException'{0x000000074dbce090}> (0x000000074dbce090) 
thrown [s\open\src\hotspot\share\prims\jni.cpp, line 519]
Event: 0.221 Thread 0x000001a7a999d9b0 Exception <a 'sun/nio/fs/WindowsException'{0x000000074dbcea40}> (0x000000074dbcea40) 
thrown [s\open\src\hotspot\share\prims\jni.cpp, line 519]
Event: 0.222 Thread 0x000001a7a999d9b0 Exception <a 'sun/nio/fs/WindowsException'{0x000000074dbcf7a8}> (0x000000074dbcf7a8) 
thrown [s\open\src\hotspot\share\prims\jni.cpp, line 519]

VM Operations (2 events):
Event: 0.224 Executing VM operation: HandshakeAllThreads
Event: 0.224 Executing VM operation: HandshakeAllThreads done

Events (10 events):
Event: 0.050 Thread 0x000001a7a999d9b0 Thread added: 0x000001a7a999d9b0
Event: 0.087 Thread 0x000001a7c710dc10 Thread added: 0x000001a7c710dc10
Event: 0.087 Thread 0x000001a7c710ea10 Thread added: 0x000001a7c710ea10
Event: 0.089 Thread 0x000001a7cb4366d0 Thread added: 0x000001a7cb4366d0
Event: 0.089 Thread 0x000001a7cb438220 Thread added: 0x000001a7cb438220
Event: 0.089 Thread 0x000001a7cb43b310 Thread added: 0x000001a7cb43b310
Event: 0.089 Thread 0x000001a7cb43c520 Thread added: 0x000001a7cb43c520
Event: 0.089 Thread 0x000001a7cb422170 Thread added: 0x000001a7cb422170
Event: 0.089 Thread 0x000001a7cb43f110 Thread added: 0x000001a7cb43f110
Event: 0.187 Thread 0x000001a7cb553610 Thread added: 0x000001a7cb553610


Dynamic libraries:
0x00007ff633880000 - 0x00007ff633890000 	C:\Program Files\Java\jdk-20\bin\java.exe
0x00007fffc1e50000 - 0x00007fffc2067000 	C:\Windows\SYSTEM32\ntdll.dll
0x00007fffc1300000 - 0x00007fffc13c4000 	C:\Windows\System32\KERNEL32.DLL
0x00007fffbf7f0000 - 0x00007fffbfb96000 	C:\Windows\System32\KERNELBASE.dll
0x00007fffbf560000 - 0x00007fffbf671000 	C:\Windows\System32\ucrtbase.dll
0x00007fffa2ae0000 - 0x00007fffa2af9000 	C:\Program Files\Java\jdk-20\bin\jli.dll
0x00007fff8d6d0000 - 0x00007fff8d6eb000 	C:\Program Files\Java\jdk-20\bin\VCRUNTIME140.dll
0x00007fffc1bc0000 - 0x00007fffc1c73000 	C:\Windows\System32\ADVAPI32.dll
0x00007fffc1600000 - 0x00007fffc16a7000 	C:\Windows\System32\msvcrt.dll
0x00007fffc0270000 - 0x00007fffc0318000 	C:\Windows\System32\sechost.dll
0x00007fffbf2c0000 - 0x00007fffbf2e8000 	C:\Windows\System32\bcrypt.dll
0x00007fffc14a0000 - 0x00007fffc15b7000 	C:\Windows\System32\RPCRT4.dll
0x00007fffc0330000 - 0x00007fffc04de000 	C:\Windows\System32\USER32.dll
0x00007fffbf2f0000 - 0x00007fffbf316000 	C:\Windows\System32\win32u.dll
0x00007fffa4680000 - 0x00007fffa4913000 	C:\Windows\WinSxS\amd64_microsoft.windows.common-controls_6595b64144ccf1df_6.0.22621.2506_none_270c5ae97388e100\COMCTL32.dll
0x00007fffc1430000 - 0x00007fffc1459000 	C:\Windows\System32\GDI32.dll
0x00007fffbf440000 - 0x00007fffbf558000 	C:\Windows\System32\gdi32full.dll
0x00007fffbf3a0000 - 0x00007fffbf43a000 	C:\Windows\System32\msvcp_win.dll
0x00007fffb8fc0000 - 0x00007fffb8fca000 	C:\Windows\SYSTEM32\VERSION.dll
0x00007fffc15c0000 - 0x00007fffc15f1000 	C:\Windows\System32\IMM32.DLL
0x00007fffb9e90000 - 0x00007fffb9e9c000 	C:\Program Files\Java\jdk-20\bin\vcruntime140_1.dll
0x00007fff87890000 - 0x00007fff8791e000 	C:\Program Files\Java\jdk-20\bin\msvcp140.dll
0x00007fff32cc0000 - 0x00007fff33957000 	C:\Program Files\Java\jdk-20\bin\server\jvm.dll
0x00007fff999f0000 - 0x00007fff999f9000 	C:\Windows\SYSTEM32\WSOCK32.dll
0x00007fffb89e0000 - 0x00007fffb8a14000 	C:\Windows\SYSTEM32\WINMM.dll
0x00007fffc16b0000 - 0x00007fffc1721000 	C:\Windows\System32\WS2_32.dll
0x00007fffbe2b0000 - 0x00007fffbe2c8000 	C:\Windows\SYSTEM32\kernel.appcore.dll
0x00007fffa2a50000 - 0x00007fffa2a5a000 	C:\Program Files\Java\jdk-20\bin\jimage.dll
0x00007fffbcc90000 - 0x00007fffbcec3000 	C:\Windows\SYSTEM32\DBGHELP.DLL
0x00007fffc1730000 - 0x00007fffc1ab9000 	C:\Windows\System32\combase.dll
0x00007fffc1d30000 - 0x00007fffc1e07000 	C:\Windows\System32\OLEAUT32.dll
0x00007fff966d0000 - 0x00007fff96702000 	C:\Windows\SYSTEM32\dbgcore.DLL
0x00007fffbf320000 - 0x00007fffbf39a000 	C:\Windows\System32\bcryptPrimitives.dll
0x00007fff8ad60000 - 0x00007fff8ad86000 	C:\Program Files\Java\jdk-20\bin\java.dll
0x00007fff79570000 - 0x00007fff79647000 	C:\Program Files\Java\jdk-20\bin\jsvml.dll
0x00007fffc0680000 - 0x00007fffc0eda000 	C:\Windows\System32\SHELL32.dll
0x00007fffbd0f0000 - 0x00007fffbd9e6000 	C:\Windows\SYSTEM32\windows.storage.dll
0x00007fffbcfb0000 - 0x00007fffbd0ee000 	C:\Windows\SYSTEM32\wintypes.dll
0x00007fffc1ac0000 - 0x00007fffc1bb3000 	C:\Windows\System32\SHCORE.dll
0x00007fffc1140000 - 0x00007fffc119e000 	C:\Windows\System32\shlwapi.dll
0x00007fffbf0c0000 - 0x00007fffbf0e6000 	C:\Windows\SYSTEM32\profapi.dll
0x00007fff8c3d0000 - 0x00007fff8c3e3000 	C:\Program Files\Java\jdk-20\bin\net.dll
0x00007fffb85f0000 - 0x00007fffb8727000 	C:\Windows\SYSTEM32\WINHTTP.dll
0x00007fffbe730000 - 0x00007fffbe799000 	C:\Windows\system32\mswsock.dll
0x00007fff882e0000 - 0x00007fff882f6000 	C:\Program Files\Java\jdk-20\bin\nio.dll

dbghelp: loaded successfully - version: 4.0.5 - missing functions: none
symbol engine: initialized successfully - sym options: 0x614 - pdb path: .;C:\Program Files\Java\jdk-20\bin;C:\Windows\SYSTEM32;C:\Windows\WinSxS\amd64_microsoft.windows.common-controls_6595b64144ccf1df_6.0.22621.2506_none_270c5ae97388e100;C:\Program Files\Java\jdk-20\bin\server

VM Arguments:
jvm_args: -Dfile.encoding=UTF-8 --module-path=C:\Users\DAVIDE\Desktop\guitar-hero\build\classes 
java_command: prova.GUI
java_class_path (initial): C:\Users\DAVIDE\Desktop\guitar-hero\librerie\json-20220320.jar;C:\Users\DAVIDE\Desktop\guitar-hero\build\classes
Launcher Type: SUN_STANDARD

[Global flags]
     intx CICompilerCount                          = 3                                         {product} {ergonomic}
     uint ConcGCThreads                            = 1                                         {product} {ergonomic}
     uint G1ConcRefinementThreads                  = 4                                         {product} {ergonomic}
   size_t G1HeapRegionSize                         = 2097152                                   {product} {ergonomic}
    uintx GCDrainStackTargetSize                   = 64                                        {product} {ergonomic}
   size_t InitialHeapSize                          = 201326592                                 {product} {ergonomic}
   size_t MarkStackSize                            = 4194304                                   {product} {ergonomic}
   size_t MaxHeapSize                              = 3191865344                                {product} {ergonomic}
   size_t MaxNewSize                               = 1914699776                                {product} {ergonomic}
   size_t MinHeapDeltaBytes                        = 2097152                                   {product} {ergonomic}
   size_t MinHeapSize                              = 8388608                                   {product} {ergonomic}
    uintx NonNMethodCodeHeapSize                   = 5832780                                {pd product} {ergonomic}
    uintx NonProfiledCodeHeapSize                  = 122912730                              {pd product} {ergonomic}
    uintx ProfiledCodeHeapSize                     = 122912730                              {pd product} {ergonomic}
    uintx ReservedCodeCacheSize                    = 251658240                              {pd product} {ergonomic}
     bool SegmentedCodeCache                       = true                                      {product} {ergonomic}
   size_t SoftMaxHeapSize                          = 3191865344                             {manageable} {ergonomic}
     bool UseCompressedClassPointers               = true                           {product lp64_product} {ergonomic}
     bool UseCompressedOops                        = true                           {product lp64_product} {ergonomic}
     bool UseG1GC                                  = true                                      {product} {ergonomic}
     bool UseLargePagesIndividualAllocation        = false                                  {pd product} {ergonomic}

Logging:
Log output configuration:
 #0: stdout all=warning uptime,level,tags foldmultilines=false
 #1: stderr all=off uptime,level,tags foldmultilines=false

Environment Variables:
PATH=C:\Program Files\Common Files\Oracle\Java\javapath;C:\Program Files (x86)\Common Files\Oracle\Java\javapath;C:\Windows\system32;C:\Windows;C:\Windows\System32\Wbem;C:\Windows\System32\WindowsPowerShell\v1.0\;C:\Windows\System32\OpenSSH\;C:\Program Files (x86)\Common Files\Acronis\SnapAPI\;C:\Program Files (x86)\Common Files\Acronis\VirtualFile\;C:\Program Files (x86)\Common Files\Acronis\VirtualFile64\;C:\Program Files (x86)\NVIDIA Corporation\PhysX\Common;C:\Program Files\NVIDIA Corporation\NVIDIA NvDLISR;C:\Program Files (x86)\QuickTime\QTSystem\;C:\Program Files\Git\cmd;C:\Users\DAVIDE\AppData\Local\Microsoft\WindowsApps;;C:\Users\DAVIDE\AppData\Local\Programs\Microsoft VS Code\bin
USERNAME=DAVIDE
OS=Windows_NT
PROCESSOR_IDENTIFIER=Intel64 Family 6 Model 142 Stepping 9, GenuineIntel
TMP=C:\Users\DAVIDE\AppData\Local\Temp
TEMP=C:\Users\DAVIDE\AppData\Local\Temp




---------------  S Y S T E M  ---------------

OS:
 Windows 11 , 64 bit Build 22621 (10.0.22621.2506)
OS uptime: 3 days 7:39 hours

CPU: total 4 (initial active 4) (2 cores per cpu, 2 threads per core) family 6 model 142 stepping 9 microcode 0xde, cx8, cmov, fxsr, ht, mmx, 3dnowpref, sse, sse2, sse3, ssse3, sse4.1, sse4.2, popcnt, lzcnt, tsc, tscinvbit, avx, avx2, aes, erms, clmul, bmi1, bmi2, adx, fma, vzeroupper, clflush, clflushopt, rdtscp, f16c

Memory: 4k page, system-wide physical 12172M (3395M free)
TotalPageFile size 12172M (AvailPageFile size 5M)
current process WorkingSet (physical memory assigned to process): 32M, peak: 32M
current process commit charge ("private bytes"): 260M, peak: 261M

vm_info: Java HotSpot(TM) 64-Bit Server VM (20+36-2344) for windows-amd64 JRE (20+36-2344), built on 2023-02-10T19:30:15Z by "mach5one" with MS VC++ 17.1 (VS2022)

END.
