#
# There is insufficient memory for the Java Runtime Environment to continue.
# Native memory allocation (mmap) failed to map 201326592 bytes for G1 virtual space
# Possible reasons:
#   The system is out of physical RAM or swap space
#   The process is running with CompressedOops enabled, and the Java Heap may be blocking the growth of the native heap
# Possible solutions:
#   Reduce memory load on the system
#   Increase physical memory or swap space
#   Check if swap backing store is full
#   Decrease Java heap size (-Xmx/-Xms)
#   Decrease number of Java threads
#   Decrease Java thread stack sizes (-Xss)
#   Set larger code cache with -XX:ReservedCodeCacheSize=
#   JVM is running with Zero Based Compressed Oops mode in which the Java heap is
#     placed in the first 32GB address space. The Java Heap base address is the
#     maximum limit for the native heap growth. Please use -XX:HeapBaseMinAddress
#     to set the Java Heap base and to place the Java Heap above 32GB virtual address.
# This output file may be truncated or incomplete.
#
#  Out of Memory Error (os_windows.cpp:3528), pid=4812, tid=11632
#
# JRE version:  (20.0+36) (build )
# Java VM: Java HotSpot(TM) 64-Bit Server VM (20+36-2344, mixed mode, sharing, tiered, compressed oops, compressed class ptrs, g1 gc, windows-amd64)
# No core dump will be written. Minidumps are not enabled by default on client versions of Windows
#

---------------  S U M M A R Y ------------

Command Line: -Dfile.encoding=UTF-8 --module-path=C:\Users\DAVIDE\Desktop\guitar-hero\build\classes prova.GUI

Host: Intel(R) Core(TM) i7-7500U CPU @ 2.70GHz, 4 cores, 11G,  Windows 11 , 64 bit Build 22621 (10.0.22621.2506)
Time: Sun Jan 14 11:51:16 2024 ora solare Europa occidentale elapsed time: 0.016391 seconds (0d 0h 0m 0s)

---------------  T H R E A D  ---------------

Current thread (0x0000023b6e39b740):  JavaThread "Unknown thread" [_thread_in_vm, id=11632, stack(0x000000b743000000,0x000000b743100000)]

Stack: [0x000000b743000000,0x000000b743100000]
Native frames: (J=compiled Java code, j=interpreted, Vv=VM code, C=native code)
V  [jvm.dll+0x6bb95a]
V  [jvm.dll+0x8483aa]
V  [jvm.dll+0x849fa5]
V  [jvm.dll+0x84a6a3]
V  [jvm.dll+0x280b0f]
V  [jvm.dll+0x6b86e9]
V  [jvm.dll+0x6ad2da]
V  [jvm.dll+0x35adf5]
V  [jvm.dll+0x363016]
V  [jvm.dll+0x3b3b3e]
V  [jvm.dll+0x3b3dc5]
V  [jvm.dll+0x32b50a]
V  [jvm.dll+0x32c32b]
V  [jvm.dll+0x81106f]
V  [jvm.dll+0x3c0d91]
V  [jvm.dll+0x7fcd93]
V  [jvm.dll+0x44c76f]
V  [jvm.dll+0x44e0e1]
C  [jli.dll+0x5287]
C  [ucrtbase.dll+0x29363]
C  [KERNEL32.DLL+0x1257d]
C  [ntdll.dll+0x5aa58]


---------------  P R O C E S S  ---------------

Threads class SMR info:
_java_thread_list=0x00007fff3381a098, length=0, elements={
}

Java Threads: ( => current thread )

Other Threads:
  0x0000023b6e3fad90 WorkerThread "GC Thread#0" [stack: 0x000000b743100000,0x000000b743200000] [id=10928]
  0x0000023b6e407c80 ConcurrentGCThread "G1 Main Marker" [stack: 0x000000b743200000,0x000000b743300000] [id=20864]
  0x0000023b6e408e50 WorkerThread "G1 Conc#0" [stack: 0x000000b743300000,0x000000b743400000] [id=22560]

[error occurred during error reporting (printing all threads), id 0xc0000005, EXCEPTION_ACCESS_VIOLATION (0xc0000005) at pc=0x00007fff32ffeb47]
VM state: not at safepoint (not fully initialized)

VM Mutex/Monitor currently owned by a thread:  ([mutex/lock_event])
[0x0000023b6e398430] Heap_lock - owner thread: 0x0000023b6e39b740

Heap address: 0x0000000741c00000, size: 3044 MB, Compressed Oops mode: Zero based, Oop shift amount: 3

CDS archive(s) mapped at: [0x0000000000000000-0x0000000000000000-0x0000000000000000), size 0, SharedBaseAddress: 0x0000000800000000, ArchiveRelocationMode: 0.
Narrow klass base: 0x0000000000000000, Narrow klass shift: 0, Narrow klass range: 0x0

GC Precious Log:
 CardTable entry size: 512
 Card Set container configuration: InlinePtr #cards 4 size 8 Array Of Cards #cards 16 size 48 Howl #buckets 8 coarsen threshold 3686 Howl Bitmap #cards 512 size 80 coarsen threshold 460 Card regions per heap region 1 cards per card region 4096

Heap:
 garbage-first heap   total 0K, used 0K [0x0000000741c00000, 0x0000000800000000)
  region size 2048K, 0 young (0K), 0 survivors (0K)

[error occurred during error reporting (printing heap information), id 0xc0000005, EXCEPTION_ACCESS_VIOLATION (0xc0000005) at pc=0x00007fff333d3c59]
GC Heap History (0 events):
No events

Dll operation events (1 events):
Event: 0.011 Loaded shared library C:\Program Files\Java\jdk-20\bin\java.dll

Deoptimization events (0 events):
No events

Classes loaded (0 events):
No events

Classes unloaded (0 events):
No events

Classes redefined (0 events):
No events

Internal exceptions (0 events):
No events

VM Operations (0 events):
No events

Events (0 events):
No events


Dynamic libraries:
0x00007ff633880000 - 0x00007ff633890000 	C:\Program Files\Java\jdk-20\bin\java.exe
0x00007fffc1e50000 - 0x00007fffc2067000 	C:\Windows\SYSTEM32\ntdll.dll
0x00007fffc1300000 - 0x00007fffc13c4000 	C:\Windows\System32\KERNEL32.DLL
0x00007fffbf7f0000 - 0x00007fffbfb96000 	C:\Windows\System32\KERNELBASE.dll
0x00007fffbf560000 - 0x00007fffbf671000 	C:\Windows\System32\ucrtbase.dll
0x00007fff8cc60000 - 0x00007fff8cc79000 	C:\Program Files\Java\jdk-20\bin\jli.dll
0x00007fffc1bc0000 - 0x00007fffc1c73000 	C:\Windows\System32\ADVAPI32.dll
0x00007fffc1600000 - 0x00007fffc16a7000 	C:\Windows\System32\msvcrt.dll
0x00007fffc0270000 - 0x00007fffc0318000 	C:\Windows\System32\sechost.dll
0x00007fffbf2c0000 - 0x00007fffbf2e8000 	C:\Windows\System32\bcrypt.dll
0x00007fffc14a0000 - 0x00007fffc15b7000 	C:\Windows\System32\RPCRT4.dll
0x00007fffc0330000 - 0x00007fffc04de000 	C:\Windows\System32\USER32.dll
0x00007fffbf2f0000 - 0x00007fffbf316000 	C:\Windows\System32\win32u.dll
0x00007fffc1430000 - 0x00007fffc1459000 	C:\Windows\System32\GDI32.dll
0x00007fffbf440000 - 0x00007fffbf558000 	C:\Windows\System32\gdi32full.dll
0x00007fffbf3a0000 - 0x00007fffbf43a000 	C:\Windows\System32\msvcp_win.dll
0x00007fff8d6d0000 - 0x00007fff8d6eb000 	C:\Program Files\Java\jdk-20\bin\VCRUNTIME140.dll
0x00007fffa4680000 - 0x00007fffa4913000 	C:\Windows\WinSxS\amd64_microsoft.windows.common-controls_6595b64144ccf1df_6.0.22621.2506_none_270c5ae97388e100\COMCTL32.dll
0x00007fffb8fc0000 - 0x00007fffb8fca000 	C:\Windows\SYSTEM32\VERSION.dll
0x00007fffc15c0000 - 0x00007fffc15f1000 	C:\Windows\System32\IMM32.DLL
0x00007fffb9e90000 - 0x00007fffb9e9c000 	C:\Program Files\Java\jdk-20\bin\vcruntime140_1.dll
0x00007fff87890000 - 0x00007fff8791e000 	C:\Program Files\Java\jdk-20\bin\msvcp140.dll
0x00007fff32cc0000 - 0x00007fff33957000 	C:\Program Files\Java\jdk-20\bin\server\jvm.dll
0x00007fffb89e0000 - 0x00007fffb8a14000 	C:\Windows\SYSTEM32\WINMM.dll
0x00007fff999f0000 - 0x00007fff999f9000 	C:\Windows\SYSTEM32\WSOCK32.dll
0x00007fffc16b0000 - 0x00007fffc1721000 	C:\Windows\System32\WS2_32.dll
0x00007fffbe2b0000 - 0x00007fffbe2c8000 	C:\Windows\SYSTEM32\kernel.appcore.dll
0x00007fffa2a50000 - 0x00007fffa2a5a000 	C:\Program Files\Java\jdk-20\bin\jimage.dll
0x00007fffbcc90000 - 0x00007fffbcec3000 	C:\Windows\SYSTEM32\DBGHELP.DLL
0x00007fffc1730000 - 0x00007fffc1ab9000 	C:\Windows\System32\combase.dll
0x00007fffc1d30000 - 0x00007fffc1e07000 	C:\Windows\System32\OLEAUT32.dll
0x00007fff966d0000 - 0x00007fff96702000 	C:\Windows\SYSTEM32\dbgcore.DLL
0x00007fffbf320000 - 0x00007fffbf39a000 	C:\Windows\System32\bcryptPrimitives.dll
0x00007fff8ad60000 - 0x00007fff8ad86000 	C:\Program Files\Java\jdk-20\bin\java.dll

dbghelp: loaded successfully - version: 4.0.5 - missing functions: none
symbol engine: initialized successfully - sym options: 0x614 - pdb path: .;C:\Program Files\Java\jdk-20\bin;C:\Windows\SYSTEM32;C:\Windows\WinSxS\amd64_microsoft.windows.common-controls_6595b64144ccf1df_6.0.22621.2506_none_270c5ae97388e100;C:\Program Files\Java\jdk-20\bin\server

VM Arguments:
jvm_args: -Dfile.encoding=UTF-8 --module-path=C:\Users\DAVIDE\Desktop\guitar-hero\build\classes 
java_command: prova.GUI
java_class_path (initial): C:\Users\DAVIDE\Desktop\guitar-hero\librerie\json-20220320.jar;C:\Users\DAVIDE\Desktop\guitar-hero\build\classes
Launcher Type: SUN_STANDARD

[Global flags]
     intx CICompilerCount                          = 3                                         {product} {ergonomic}
     uint ConcGCThreads                            = 1                                         {product} {ergonomic}
     uint G1ConcRefinementThreads                  = 4                                         {product} {ergonomic}
   size_t G1HeapRegionSize                         = 2097152                                   {product} {ergonomic}
    uintx GCDrainStackTargetSize                   = 64                                        {product} {ergonomic}
   size_t InitialHeapSize                          = 201326592                                 {product} {ergonomic}
   size_t MarkStackSize                            = 4194304                                   {product} {ergonomic}
   size_t MaxHeapSize                              = 3191865344                                {product} {ergonomic}
   size_t MinHeapDeltaBytes                        = 2097152                                   {product} {ergonomic}
   size_t MinHeapSize                              = 8388608                                   {product} {ergonomic}
    uintx NonNMethodCodeHeapSize                   = 5832780                                {pd product} {ergonomic}
    uintx NonProfiledCodeHeapSize                  = 122912730                              {pd product} {ergonomic}
    uintx ProfiledCodeHeapSize                     = 122912730                              {pd product} {ergonomic}
    uintx ReservedCodeCacheSize                    = 251658240                              {pd product} {ergonomic}
     bool SegmentedCodeCache                       = true                                      {product} {ergonomic}
   size_t SoftMaxHeapSize                          = 3191865344                             {manageable} {ergonomic}
     bool UseCompressedClassPointers               = true                           {product lp64_product} {ergonomic}
     bool UseCompressedOops                        = true                           {product lp64_product} {ergonomic}
     bool UseG1GC                                  = true                                      {product} {ergonomic}
     bool UseLargePagesIndividualAllocation        = false                                  {pd product} {ergonomic}

Logging:
Log output configuration:
 #0: stdout all=warning uptime,level,tags foldmultilines=false
 #1: stderr all=off uptime,level,tags foldmultilines=false

Environment Variables:
PATH=C:\Program Files\Common Files\Oracle\Java\javapath;C:\Program Files (x86)\Common Files\Oracle\Java\javapath;C:\Windows\system32;C:\Windows;C:\Windows\System32\Wbem;C:\Windows\System32\WindowsPowerShell\v1.0\;C:\Windows\System32\OpenSSH\;C:\Program Files (x86)\Common Files\Acronis\SnapAPI\;C:\Program Files (x86)\Common Files\Acronis\VirtualFile\;C:\Program Files (x86)\Common Files\Acronis\VirtualFile64\;C:\Program Files (x86)\NVIDIA Corporation\PhysX\Common;C:\Program Files\NVIDIA Corporation\NVIDIA NvDLISR;C:\Program Files (x86)\QuickTime\QTSystem\;C:\Program Files\Git\cmd;C:\Users\DAVIDE\AppData\Local\Microsoft\WindowsApps;;C:\Users\DAVIDE\AppData\Local\Programs\Microsoft VS Code\bin
USERNAME=DAVIDE
OS=Windows_NT
PROCESSOR_IDENTIFIER=Intel64 Family 6 Model 142 Stepping 9, GenuineIntel
TMP=C:\Users\DAVIDE\AppData\Local\Temp
TEMP=C:\Users\DAVIDE\AppData\Local\Temp




---------------  S Y S T E M  ---------------

OS:
 Windows 11 , 64 bit Build 22621 (10.0.22621.2506)
OS uptime: 3 days 3:37 hours

CPU: total 4 (initial active 4) (2 cores per cpu, 2 threads per core) family 6 model 142 stepping 9 microcode 0xde, cx8, cmov, fxsr, ht, mmx, 3dnowpref, sse, sse2, sse3, ssse3, sse4.1, sse4.2, popcnt, lzcnt, tsc, tscinvbit, avx, avx2, aes, erms, clmul, bmi1, bmi2, adx, fma, vzeroupper, clflush, clflushopt, rdtscp, f16c

Memory: 4k page, system-wide physical 12172M (3375M free)
TotalPageFile size 12172M (AvailPageFile size 128M)
current process WorkingSet (physical memory assigned to process): 11M, peak: 11M
current process commit charge ("private bytes"): 52M, peak: 243M

vm_info: Java HotSpot(TM) 64-Bit Server VM (20+36-2344) for windows-amd64 JRE (20+36-2344), built on 2023-02-10T19:30:15Z by "mach5one" with MS VC++ 17.1 (VS2022)

END.
