#
# There is insufficient memory for the Java Runtime Environment to continue.
# Native memory allocation (mmap) failed to map 65536 bytes for Failed to commit metaspace.
# Possible reasons:
#   The system is out of physical RAM or swap space
#   The process is running with CompressedOops enabled, and the Java Heap may be blocking the growth of the native heap
# Possible solutions:
#   Reduce memory load on the system
#   Increase physical memory or swap space
#   Check if swap backing store is full
#   Decrease Java heap size (-Xmx/-Xms)
#   Decrease number of Java threads
#   Decrease Java thread stack sizes (-Xss)
#   Set larger code cache with -XX:ReservedCodeCacheSize=
#   JVM is running with Zero Based Compressed Oops mode in which the Java heap is
#     placed in the first 32GB address space. The Java Heap base address is the
#     maximum limit for the native heap growth. Please use -XX:HeapBaseMinAddress
#     to set the Java Heap base and to place the Java Heap above 32GB virtual address.
# This output file may be truncated or incomplete.
#
#  Out of Memory Error (virtualSpaceNode.cpp:110), pid=248, tid=13448
#
# JRE version: Java(TM) SE Runtime Environment (20.0+36) (build 20+36-2344)
# Java VM: Java HotSpot(TM) 64-Bit Server VM (20+36-2344, mixed mode, sharing, tiered, compressed oops, compressed class ptrs, g1 gc, windows-amd64)
# No core dump will be written. Minidumps are not enabled by default on client versions of Windows
#

---------------  S U M M A R Y ------------

Command Line: -Dfile.encoding=UTF-8 --module-path=C:\Users\DAVIDE\Desktop\guitar-hero\build\classes prova.GUI

Host: Intel(R) Core(TM) i7-7500U CPU @ 2.70GHz, 4 cores, 11G,  Windows 11 , 64 bit Build 22621 (10.0.22621.2506)
Time: Sun Jan 14 15:53:34 2024 ora solare Europa occidentale elapsed time: 0.276450 seconds (0d 0h 0m 0s)

---------------  T H R E A D  ---------------

Current thread (0x000002a2b810b5e0):  JavaThread "main" [_thread_in_vm, id=13448, stack(0x000000b353a00000,0x000000b353b00000)]

Stack: [0x000000b353a00000,0x000000b353b00000]
Native frames: (J=compiled Java code, j=interpreted, Vv=VM code, C=native code)
V  [jvm.dll+0x6bb95a]
V  [jvm.dll+0x8483aa]
V  [jvm.dll+0x849fa5]
V  [jvm.dll+0x84a6a3]
V  [jvm.dll+0x280b0f]
V  [jvm.dll+0x8442eb]
V  [jvm.dll+0x65fd86]
V  [jvm.dll+0x1eb4e7]
V  [jvm.dll+0x6627a2]
V  [jvm.dll+0x66258e]
V  [jvm.dll+0x66079e]
V  [jvm.dll+0x3c366f]
V  [jvm.dll+0x21353b]
V  [jvm.dll+0x59c296]
V  [jvm.dll+0x7c3483]
V  [jvm.dll+0x7c3564]
V  [jvm.dll+0x46c524]
V  [jvm.dll+0x471a88]
C  [java.dll+0x17ec]

Java frames: (J=compiled Java code, j=interpreted, Vv=VM code)
j  java.lang.ClassLoader.defineClass1(Ljava/lang/ClassLoader;Ljava/lang/String;[BIILjava/security/ProtectionDomain;Ljava/lang/String;)Ljava/lang/Class;+0 java.base@20
j  java.lang.ClassLoader.defineClass(Ljava/lang/String;[BIILjava/security/ProtectionDomain;)Ljava/lang/Class;+27 java.base@20
j  java.security.SecureClassLoader.defineClass(Ljava/lang/String;[BIILjava/security/CodeSource;)Ljava/lang/Class;+12 java.base@20
j  jdk.internal.loader.BuiltinClassLoader.defineClass(Ljava/lang/String;Ljdk/internal/loader/Resource;)Ljava/lang/Class;+117 java.base@20
j  jdk.internal.loader.BuiltinClassLoader.findClassOnClassPathOrNull(Ljava/lang/String;)Ljava/lang/Class;+37 java.base@20
j  jdk.internal.loader.BuiltinClassLoader.loadClassOrNull(Ljava/lang/String;Z)Ljava/lang/Class;+111 java.base@20
j  jdk.internal.loader.BuiltinClassLoader.loadClass(Ljava/lang/String;Z)Ljava/lang/Class;+3 java.base@20
j  jdk.internal.loader.ClassLoaders$AppClassLoader.loadClass(Ljava/lang/String;Z)Ljava/lang/Class;+36 java.base@20
j  java.lang.ClassLoader.loadClass(Ljava/lang/String;)Ljava/lang/Class;+3 java.base@20
v  ~StubRoutines::call_stub 0x000002a2c76f100d
j  prova.MainScreen.<init>()V+141
j  prova.GUI.main([Ljava/lang/String;)V+4
v  ~StubRoutines::call_stub 0x000002a2c76f100d

---------------  P R O C E S S  ---------------

Threads class SMR info:
_java_thread_list=0x000002a2d9faef30, length=15, elements={
0x000002a2b810b5e0, 0x000002a2d58320b0, 0x000002a2d5832eb0, 0x000002a2d5834730,
0x000002a2d5838190, 0x000002a2d58390e0, 0x000002a2d5841b60, 0x000002a2d5847f40,
0x000002a2d58489f0, 0x000002a2d9c9b480, 0x000002a2d9dae0a0, 0x000002a2d9f1fc60,
0x000002a2d9f38b80, 0x000002a2d9f3bb90, 0x000002a2d9f72910
}

Java Threads: ( => current thread )
=>0x000002a2b810b5e0 JavaThread "main" [_thread_in_vm, id=13448, stack(0x000000b353a00000,0x000000b353b00000)]
  0x000002a2d58320b0 JavaThread "Reference Handler" daemon [_thread_blocked, id=16364, stack(0x000000b354100000,0x000000b354200000)]
  0x000002a2d5832eb0 JavaThread "Finalizer" daemon [_thread_blocked, id=20960, stack(0x000000b354200000,0x000000b354300000)]
  0x000002a2d5834730 JavaThread "Signal Dispatcher" daemon [_thread_blocked, id=23400, stack(0x000000b354300000,0x000000b354400000)]
  0x000002a2d5838190 JavaThread "Attach Listener" daemon [_thread_blocked, id=10568, stack(0x000000b354400000,0x000000b354500000)]
  0x000002a2d58390e0 JavaThread "Service Thread" daemon [_thread_blocked, id=17128, stack(0x000000b354500000,0x000000b354600000)]
  0x000002a2d5841b60 JavaThread "Monitor Deflation Thread" daemon [_thread_blocked, id=23036, stack(0x000000b354600000,0x000000b354700000)]
  0x000002a2d5847f40 JavaThread "C2 CompilerThread0" daemon [_thread_blocked, id=17460, stack(0x000000b354700000,0x000000b354800000)]
  0x000002a2d58489f0 JavaThread "C1 CompilerThread0" daemon [_thread_blocked, id=12152, stack(0x000000b354800000,0x000000b354900000)]
  0x000002a2d9c9b480 JavaThread "Common-Cleaner" daemon [_thread_blocked, id=16056, stack(0x000000b354900000,0x000000b354a00000)]
  0x000002a2d9dae0a0 JavaThread "Notification Thread" daemon [_thread_blocked, id=15092, stack(0x000000b354a00000,0x000000b354b00000)]
  0x000002a2d9f1fc60 JavaThread "Java2D Disposer" daemon [_thread_blocked, id=11764, stack(0x000000b354c00000,0x000000b354d00000)]
  0x000002a2d9f38b80 JavaThread "AWT-Shutdown" [_thread_blocked, id=7028, stack(0x000000b354d00000,0x000000b354e00000)]
  0x000002a2d9f3bb90 JavaThread "AWT-Windows" daemon [_thread_in_native, id=11240, stack(0x000000b354e00000,0x000000b354f00000)]
  0x000002a2d9f72910 JavaThread "Image Fetcher 0" daemon [_thread_blocked, id=22748, stack(0x000000b354f00000,0x000000b355000000)]

Other Threads:
  0x000002a2d580f7a0 VMThread "VM Thread" [stack: 0x000000b354000000,0x000000b354100000] [id=1504]
  0x000002a2d9dd0c30 WatcherThread "VM Periodic Task Thread" [stack: 0x000000b354b00000,0x000000b354c00000] [id=8208]
  0x000002a2b816ac30 WorkerThread "GC Thread#0" [stack: 0x000000b353b00000,0x000000b353c00000] [id=16924]
  0x000002a2b8177b20 ConcurrentGCThread "G1 Main Marker" [stack: 0x000000b353c00000,0x000000b353d00000] [id=23232]
  0x000002a2b81786f0 WorkerThread "G1 Conc#0" [stack: 0x000000b353d00000,0x000000b353e00000] [id=5432]
  0x000002a2b81ce660 ConcurrentGCThread "G1 Refine#0" [stack: 0x000000b353e00000,0x000000b353f00000] [id=12248]
  0x000002a2d56d0150 ConcurrentGCThread "G1 Service" [stack: 0x000000b353f00000,0x000000b354000000] [id=16184]

Threads with active compile tasks:

VM state: not at safepoint (normal execution)

VM Mutex/Monitor currently owned by a thread:  ([mutex/lock_event])
[0x000002a2b81058a0] Metaspace_lock - owner thread: 0x000002a2b810b5e0

Heap address: 0x0000000741c00000, size: 3044 MB, Compressed Oops mode: Zero based, Oop shift amount: 3

CDS archive(s) mapped at: [0x0000000800000000-0x0000000800c60000-0x0000000800c60000), size 12976128, SharedBaseAddress: 0x0000000800000000, ArchiveRelocationMode: 0.
Compressed class space mapped at: 0x0000000801000000-0x0000000841000000, reserved size: 1073741824
Narrow klass base: 0x0000000800000000, Narrow klass shift: 0, Narrow klass range: 0x100000000

GC Precious Log:
 CardTable entry size: 512
 Card Set container configuration: InlinePtr #cards 4 size 8 Array Of Cards #cards 16 size 48 Howl #buckets 8 coarsen threshold 3686 Howl Bitmap #cards 512 size 80 coarsen threshold 460 Card regions per heap region 1 cards per card region 4096
 CPUs: 4 total, 4 available
 Memory: 12172M
 Large Page Support: Disabled
 NUMA Support: Disabled
 Compressed Oops: Enabled (Zero based)
 Heap Region Size: 2M
 Heap Min Capacity: 8M
 Heap Initial Capacity: 192M
 Heap Max Capacity: 3044M
 Pre-touch: Disabled
 Parallel Workers: 4
 Concurrent Workers: 1
 Concurrent Refinement Workers: 4
 Periodic GC: Disabled

Heap:
 garbage-first heap   total 196608K, used 4096K [0x0000000741c00000, 0x0000000800000000)
  region size 2048K, 3 young (6144K), 0 survivors (0K)
 Metaspace       used 4517K, committed 4672K, reserved 1114112K
  class space    used 490K, committed 576K, reserved 1048576K

Heap Regions: E=young(eden), S=young(survivor), O=old, HS=humongous(starts), HC=humongous(continues), CS=collection set, F=free, OA=open archive, CA=closed archive, TAMS=top-at-mark-start, PB=parsable bottom
|   0|0x0000000741c00000, 0x0000000741c00000, 0x0000000741e00000|  0%| F|  |TAMS 0x0000000741c00000| PB 0x0000000741c00000| Untracked 
|   1|0x0000000741e00000, 0x0000000741e00000, 0x0000000742000000|  0%| F|  |TAMS 0x0000000741e00000| PB 0x0000000741e00000| Untracked 
|   2|0x0000000742000000, 0x0000000742000000, 0x0000000742200000|  0%| F|  |TAMS 0x0000000742000000| PB 0x0000000742000000| Untracked 
|   3|0x0000000742200000, 0x0000000742200000, 0x0000000742400000|  0%| F|  |TAMS 0x0000000742200000| PB 0x0000000742200000| Untracked 
|   4|0x0000000742400000, 0x0000000742400000, 0x0000000742600000|  0%| F|  |TAMS 0x0000000742400000| PB 0x0000000742400000| Untracked 
|   5|0x0000000742600000, 0x0000000742600000, 0x0000000742800000|  0%| F|  |TAMS 0x0000000742600000| PB 0x0000000742600000| Untracked 
|   6|0x0000000742800000, 0x0000000742800000, 0x0000000742a00000|  0%| F|  |TAMS 0x0000000742800000| PB 0x0000000742800000| Untracked 
|   7|0x0000000742a00000, 0x0000000742a00000, 0x0000000742c00000|  0%| F|  |TAMS 0x0000000742a00000| PB 0x0000000742a00000| Untracked 
|   8|0x0000000742c00000, 0x0000000742c00000, 0x0000000742e00000|  0%| F|  |TAMS 0x0000000742c00000| PB 0x0000000742c00000| Untracked 
|   9|0x0000000742e00000, 0x0000000742e00000, 0x0000000743000000|  0%| F|  |TAMS 0x0000000742e00000| PB 0x0000000742e00000| Untracked 
|  10|0x0000000743000000, 0x0000000743000000, 0x0000000743200000|  0%| F|  |TAMS 0x0000000743000000| PB 0x0000000743000000| Untracked 
|  11|0x0000000743200000, 0x0000000743200000, 0x0000000743400000|  0%| F|  |TAMS 0x0000000743200000| PB 0x0000000743200000| Untracked 
|  12|0x0000000743400000, 0x0000000743400000, 0x0000000743600000|  0%| F|  |TAMS 0x0000000743400000| PB 0x0000000743400000| Untracked 
|  13|0x0000000743600000, 0x0000000743600000, 0x0000000743800000|  0%| F|  |TAMS 0x0000000743600000| PB 0x0000000743600000| Untracked 
|  14|0x0000000743800000, 0x0000000743800000, 0x0000000743a00000|  0%| F|  |TAMS 0x0000000743800000| PB 0x0000000743800000| Untracked 
|  15|0x0000000743a00000, 0x0000000743a00000, 0x0000000743c00000|  0%| F|  |TAMS 0x0000000743a00000| PB 0x0000000743a00000| Untracked 
|  16|0x0000000743c00000, 0x0000000743c00000, 0x0000000743e00000|  0%| F|  |TAMS 0x0000000743c00000| PB 0x0000000743c00000| Untracked 
|  17|0x0000000743e00000, 0x0000000743e00000, 0x0000000744000000|  0%| F|  |TAMS 0x0000000743e00000| PB 0x0000000743e00000| Untracked 
|  18|0x0000000744000000, 0x0000000744000000, 0x0000000744200000|  0%| F|  |TAMS 0x0000000744000000| PB 0x0000000744000000| Untracked 
|  19|0x0000000744200000, 0x0000000744200000, 0x0000000744400000|  0%| F|  |TAMS 0x0000000744200000| PB 0x0000000744200000| Untracked 
|  20|0x0000000744400000, 0x0000000744400000, 0x0000000744600000|  0%| F|  |TAMS 0x0000000744400000| PB 0x0000000744400000| Untracked 
|  21|0x0000000744600000, 0x0000000744600000, 0x0000000744800000|  0%| F|  |TAMS 0x0000000744600000| PB 0x0000000744600000| Untracked 
|  22|0x0000000744800000, 0x0000000744800000, 0x0000000744a00000|  0%| F|  |TAMS 0x0000000744800000| PB 0x0000000744800000| Untracked 
|  23|0x0000000744a00000, 0x0000000744a00000, 0x0000000744c00000|  0%| F|  |TAMS 0x0000000744a00000| PB 0x0000000744a00000| Untracked 
|  24|0x0000000744c00000, 0x0000000744c00000, 0x0000000744e00000|  0%| F|  |TAMS 0x0000000744c00000| PB 0x0000000744c00000| Untracked 
|  25|0x0000000744e00000, 0x0000000744e00000, 0x0000000745000000|  0%| F|  |TAMS 0x0000000744e00000| PB 0x0000000744e00000| Untracked 
|  26|0x0000000745000000, 0x0000000745000000, 0x0000000745200000|  0%| F|  |TAMS 0x0000000745000000| PB 0x0000000745000000| Untracked 
|  27|0x0000000745200000, 0x0000000745200000, 0x0000000745400000|  0%| F|  |TAMS 0x0000000745200000| PB 0x0000000745200000| Untracked 
|  28|0x0000000745400000, 0x0000000745400000, 0x0000000745600000|  0%| F|  |TAMS 0x0000000745400000| PB 0x0000000745400000| Untracked 
|  29|0x0000000745600000, 0x0000000745600000, 0x0000000745800000|  0%| F|  |TAMS 0x0000000745600000| PB 0x0000000745600000| Untracked 
|  30|0x0000000745800000, 0x0000000745800000, 0x0000000745a00000|  0%| F|  |TAMS 0x0000000745800000| PB 0x0000000745800000| Untracked 
|  31|0x0000000745a00000, 0x0000000745a00000, 0x0000000745c00000|  0%| F|  |TAMS 0x0000000745a00000| PB 0x0000000745a00000| Untracked 
|  32|0x0000000745c00000, 0x0000000745c00000, 0x0000000745e00000|  0%| F|  |TAMS 0x0000000745c00000| PB 0x0000000745c00000| Untracked 
|  33|0x0000000745e00000, 0x0000000745e00000, 0x0000000746000000|  0%| F|  |TAMS 0x0000000745e00000| PB 0x0000000745e00000| Untracked 
|  34|0x0000000746000000, 0x0000000746000000, 0x0000000746200000|  0%| F|  |TAMS 0x0000000746000000| PB 0x0000000746000000| Untracked 
|  35|0x0000000746200000, 0x0000000746200000, 0x0000000746400000|  0%| F|  |TAMS 0x0000000746200000| PB 0x0000000746200000| Untracked 
|  36|0x0000000746400000, 0x0000000746400000, 0x0000000746600000|  0%| F|  |TAMS 0x0000000746400000| PB 0x0000000746400000| Untracked 
|  37|0x0000000746600000, 0x0000000746600000, 0x0000000746800000|  0%| F|  |TAMS 0x0000000746600000| PB 0x0000000746600000| Untracked 
|  38|0x0000000746800000, 0x0000000746800000, 0x0000000746a00000|  0%| F|  |TAMS 0x0000000746800000| PB 0x0000000746800000| Untracked 
|  39|0x0000000746a00000, 0x0000000746a00000, 0x0000000746c00000|  0%| F|  |TAMS 0x0000000746a00000| PB 0x0000000746a00000| Untracked 
|  40|0x0000000746c00000, 0x0000000746c00000, 0x0000000746e00000|  0%| F|  |TAMS 0x0000000746c00000| PB 0x0000000746c00000| Untracked 
|  41|0x0000000746e00000, 0x0000000746e00000, 0x0000000747000000|  0%| F|  |TAMS 0x0000000746e00000| PB 0x0000000746e00000| Untracked 
|  42|0x0000000747000000, 0x0000000747000000, 0x0000000747200000|  0%| F|  |TAMS 0x0000000747000000| PB 0x0000000747000000| Untracked 
|  43|0x0000000747200000, 0x0000000747200000, 0x0000000747400000|  0%| F|  |TAMS 0x0000000747200000| PB 0x0000000747200000| Untracked 
|  44|0x0000000747400000, 0x0000000747400000, 0x0000000747600000|  0%| F|  |TAMS 0x0000000747400000| PB 0x0000000747400000| Untracked 
|  45|0x0000000747600000, 0x0000000747600000, 0x0000000747800000|  0%| F|  |TAMS 0x0000000747600000| PB 0x0000000747600000| Untracked 
|  46|0x0000000747800000, 0x0000000747800000, 0x0000000747a00000|  0%| F|  |TAMS 0x0000000747800000| PB 0x0000000747800000| Untracked 
|  47|0x0000000747a00000, 0x0000000747a00000, 0x0000000747c00000|  0%| F|  |TAMS 0x0000000747a00000| PB 0x0000000747a00000| Untracked 
|  48|0x0000000747c00000, 0x0000000747c00000, 0x0000000747e00000|  0%| F|  |TAMS 0x0000000747c00000| PB 0x0000000747c00000| Untracked 
|  49|0x0000000747e00000, 0x0000000747e00000, 0x0000000748000000|  0%| F|  |TAMS 0x0000000747e00000| PB 0x0000000747e00000| Untracked 
|  50|0x0000000748000000, 0x0000000748000000, 0x0000000748200000|  0%| F|  |TAMS 0x0000000748000000| PB 0x0000000748000000| Untracked 
|  51|0x0000000748200000, 0x0000000748200000, 0x0000000748400000|  0%| F|  |TAMS 0x0000000748200000| PB 0x0000000748200000| Untracked 
|  52|0x0000000748400000, 0x0000000748400000, 0x0000000748600000|  0%| F|  |TAMS 0x0000000748400000| PB 0x0000000748400000| Untracked 
|  53|0x0000000748600000, 0x0000000748600000, 0x0000000748800000|  0%| F|  |TAMS 0x0000000748600000| PB 0x0000000748600000| Untracked 
|  54|0x0000000748800000, 0x0000000748800000, 0x0000000748a00000|  0%| F|  |TAMS 0x0000000748800000| PB 0x0000000748800000| Untracked 
|  55|0x0000000748a00000, 0x0000000748a00000, 0x0000000748c00000|  0%| F|  |TAMS 0x0000000748a00000| PB 0x0000000748a00000| Untracked 
|  56|0x0000000748c00000, 0x0000000748c00000, 0x0000000748e00000|  0%| F|  |TAMS 0x0000000748c00000| PB 0x0000000748c00000| Untracked 
|  57|0x0000000748e00000, 0x0000000748e00000, 0x0000000749000000|  0%| F|  |TAMS 0x0000000748e00000| PB 0x0000000748e00000| Untracked 
|  58|0x0000000749000000, 0x0000000749000000, 0x0000000749200000|  0%| F|  |TAMS 0x0000000749000000| PB 0x0000000749000000| Untracked 
|  59|0x0000000749200000, 0x0000000749200000, 0x0000000749400000|  0%| F|  |TAMS 0x0000000749200000| PB 0x0000000749200000| Untracked 
|  60|0x0000000749400000, 0x0000000749400000, 0x0000000749600000|  0%| F|  |TAMS 0x0000000749400000| PB 0x0000000749400000| Untracked 
|  61|0x0000000749600000, 0x0000000749600000, 0x0000000749800000|  0%| F|  |TAMS 0x0000000749600000| PB 0x0000000749600000| Untracked 
|  62|0x0000000749800000, 0x0000000749800000, 0x0000000749a00000|  0%| F|  |TAMS 0x0000000749800000| PB 0x0000000749800000| Untracked 
|  63|0x0000000749a00000, 0x0000000749a00000, 0x0000000749c00000|  0%| F|  |TAMS 0x0000000749a00000| PB 0x0000000749a00000| Untracked 
|  64|0x0000000749c00000, 0x0000000749c00000, 0x0000000749e00000|  0%| F|  |TAMS 0x0000000749c00000| PB 0x0000000749c00000| Untracked 
|  65|0x0000000749e00000, 0x0000000749e00000, 0x000000074a000000|  0%| F|  |TAMS 0x0000000749e00000| PB 0x0000000749e00000| Untracked 
|  66|0x000000074a000000, 0x000000074a000000, 0x000000074a200000|  0%| F|  |TAMS 0x000000074a000000| PB 0x000000074a000000| Untracked 
|  67|0x000000074a200000, 0x000000074a200000, 0x000000074a400000|  0%| F|  |TAMS 0x000000074a200000| PB 0x000000074a200000| Untracked 
|  68|0x000000074a400000, 0x000000074a400000, 0x000000074a600000|  0%| F|  |TAMS 0x000000074a400000| PB 0x000000074a400000| Untracked 
|  69|0x000000074a600000, 0x000000074a600000, 0x000000074a800000|  0%| F|  |TAMS 0x000000074a600000| PB 0x000000074a600000| Untracked 
|  70|0x000000074a800000, 0x000000074a800000, 0x000000074aa00000|  0%| F|  |TAMS 0x000000074a800000| PB 0x000000074a800000| Untracked 
|  71|0x000000074aa00000, 0x000000074aa00000, 0x000000074ac00000|  0%| F|  |TAMS 0x000000074aa00000| PB 0x000000074aa00000| Untracked 
|  72|0x000000074ac00000, 0x000000074ac00000, 0x000000074ae00000|  0%| F|  |TAMS 0x000000074ac00000| PB 0x000000074ac00000| Untracked 
|  73|0x000000074ae00000, 0x000000074ae00000, 0x000000074b000000|  0%| F|  |TAMS 0x000000074ae00000| PB 0x000000074ae00000| Untracked 
|  74|0x000000074b000000, 0x000000074b000000, 0x000000074b200000|  0%| F|  |TAMS 0x000000074b000000| PB 0x000000074b000000| Untracked 
|  75|0x000000074b200000, 0x000000074b200000, 0x000000074b400000|  0%| F|  |TAMS 0x000000074b200000| PB 0x000000074b200000| Untracked 
|  76|0x000000074b400000, 0x000000074b400000, 0x000000074b600000|  0%| F|  |TAMS 0x000000074b400000| PB 0x000000074b400000| Untracked 
|  77|0x000000074b600000, 0x000000074b600000, 0x000000074b800000|  0%| F|  |TAMS 0x000000074b600000| PB 0x000000074b600000| Untracked 
|  78|0x000000074b800000, 0x000000074b800000, 0x000000074ba00000|  0%| F|  |TAMS 0x000000074b800000| PB 0x000000074b800000| Untracked 
|  79|0x000000074ba00000, 0x000000074ba00000, 0x000000074bc00000|  0%| F|  |TAMS 0x000000074ba00000| PB 0x000000074ba00000| Untracked 
|  80|0x000000074bc00000, 0x000000074bc00000, 0x000000074be00000|  0%| F|  |TAMS 0x000000074bc00000| PB 0x000000074bc00000| Untracked 
|  81|0x000000074be00000, 0x000000074be00000, 0x000000074c000000|  0%| F|  |TAMS 0x000000074be00000| PB 0x000000074be00000| Untracked 
|  82|0x000000074c000000, 0x000000074c000000, 0x000000074c200000|  0%| F|  |TAMS 0x000000074c000000| PB 0x000000074c000000| Untracked 
|  83|0x000000074c200000, 0x000000074c200000, 0x000000074c400000|  0%| F|  |TAMS 0x000000074c200000| PB 0x000000074c200000| Untracked 
|  84|0x000000074c400000, 0x000000074c400000, 0x000000074c600000|  0%| F|  |TAMS 0x000000074c400000| PB 0x000000074c400000| Untracked 
|  85|0x000000074c600000, 0x000000074c600000, 0x000000074c800000|  0%| F|  |TAMS 0x000000074c600000| PB 0x000000074c600000| Untracked 
|  86|0x000000074c800000, 0x000000074c800000, 0x000000074ca00000|  0%| F|  |TAMS 0x000000074c800000| PB 0x000000074c800000| Untracked 
|  87|0x000000074ca00000, 0x000000074ca00000, 0x000000074cc00000|  0%| F|  |TAMS 0x000000074ca00000| PB 0x000000074ca00000| Untracked 
|  88|0x000000074cc00000, 0x000000074cc00000, 0x000000074ce00000|  0%| F|  |TAMS 0x000000074cc00000| PB 0x000000074cc00000| Untracked 
|  89|0x000000074ce00000, 0x000000074ce00000, 0x000000074d000000|  0%| F|  |TAMS 0x000000074ce00000| PB 0x000000074ce00000| Untracked 
|  90|0x000000074d000000, 0x000000074d000000, 0x000000074d200000|  0%| F|  |TAMS 0x000000074d000000| PB 0x000000074d000000| Untracked 
|  91|0x000000074d200000, 0x000000074d200000, 0x000000074d400000|  0%| F|  |TAMS 0x000000074d200000| PB 0x000000074d200000| Untracked 
|  92|0x000000074d400000, 0x000000074d400000, 0x000000074d600000|  0%| F|  |TAMS 0x000000074d400000| PB 0x000000074d400000| Untracked 
|  93|0x000000074d600000, 0x000000074d771378, 0x000000074d800000| 72%| E|  |TAMS 0x000000074d600000| PB 0x000000074d600000| Complete 
|  94|0x000000074d800000, 0x000000074da00000, 0x000000074da00000|100%| E|CS|TAMS 0x000000074d800000| PB 0x000000074d800000| Complete 
|  95|0x000000074da00000, 0x000000074dc00000, 0x000000074dc00000|100%| E|CS|TAMS 0x000000074da00000| PB 0x000000074da00000| Complete 

Card table byte_map: [0x000002a2cf7c0000,0x000002a2cfdc0000] _byte_map_base: 0x000002a2cbdb2000

Marking Bits: (CMBitMap*) 0x000002a2b816b260
 Bits: [0x000002a2d03c0000, 0x000002a2d3350000)

Polling page: 0x000002a2b5f40000

Metaspace:

Usage:
  Non-class:      3.93 MB used.
      Class:    490.58 KB used.
       Both:      4.41 MB used.

Virtual space:
  Non-class space:       64.00 MB reserved,       4.00 MB (  6%) committed,  1 nodes.
      Class space:        1.00 GB reserved,     576.00 KB ( <1%) committed,  1 nodes.
             Both:        1.06 GB reserved,       4.56 MB ( <1%) committed. 

Chunk freelists:
   Non-Class:  3.88 MB
       Class:  3.25 MB
        Both:  7.13 MB

MaxMetaspaceSize: unlimited
CompressedClassSpaceSize: 1.00 GB
Initial GC threshold: 21.00 MB
Current GC threshold: 21.00 MB
CDS: on
MetaspaceReclaimPolicy: balanced
 - commit_granule_bytes: 65536.
 - commit_granule_words: 8192.
 - virtual_space_node_default_size: 8388608.
 - enlarge_chunks_in_place: 1.
 - new_chunks_are_fully_committed: 0.
 - uncommit_free_chunks: 1.
 - use_allocation_guard: 0.


Internal statistics:

num_allocs_failed_limit: 0.
num_arena_births: 122.
num_arena_deaths: 0.
num_vsnodes_births: 2.
num_vsnodes_deaths: 0.
num_space_committed: 73.
num_space_uncommitted: 0.
num_chunks_returned_to_freelist: 0.
num_chunks_taken_from_freelist: 145.
num_chunk_merges: 0.
num_chunk_splits: 91.
num_chunks_enlarged: 39.
num_inconsistent_stats: 0.

CodeHeap 'non-profiled nmethods': size=120000Kb used=169Kb max_used=169Kb free=119830Kb
 bounds [0x000002a2c7c90000, 0x000002a2c7f00000, 0x000002a2cf1c0000]
CodeHeap 'profiled nmethods': size=120000Kb used=701Kb max_used=701Kb free=119298Kb
 bounds [0x000002a2c01c0000, 0x000002a2c0430000, 0x000002a2c76f0000]
CodeHeap 'non-nmethods': size=5760Kb used=1482Kb max_used=1492Kb free=4277Kb
 bounds [0x000002a2c76f0000, 0x000002a2c7960000, 0x000002a2c7c90000]
 total_blobs=1060 nmethods=547 adapters=424
 compilation: enabled
              stopped_count=0, restarted_count=0
 full_count=0

Compilation events (20 events):
Event: 0.269 Thread 0x000002a2d58489f0  534       1       java.util.concurrent.locks.AbstractOwnableSynchronizer::setExclusiveOwnerThread (6 bytes)
Event: 0.269 Thread 0x000002a2d58489f0 nmethod 534 0x000002a2c7cb8a90 code [0x000002a2c7cb8c20, 0x000002a2c7cb8d40]
Event: 0.269 Thread 0x000002a2d58489f0  536       3       java.lang.invoke.MethodHandle::isBuiltinLoader (24 bytes)
Event: 0.270 Thread 0x000002a2d58489f0 nmethod 536 0x000002a2c026d890 code [0x000002a2c026da20, 0x000002a2c026dca8]
Event: 0.270 Thread 0x000002a2d58489f0  538       1       java.beans.PropertyChangeEvent::getPropertyName (5 bytes)
Event: 0.270 Thread 0x000002a2d58489f0 nmethod 538 0x000002a2c7cb9390 code [0x000002a2c7cb9500, 0x000002a2c7cb95d0]
Event: 0.272 Thread 0x000002a2d58489f0  540       3       java.util.Arrays::equals (43 bytes)
Event: 0.272 Thread 0x000002a2d58489f0 nmethod 540 0x000002a2c026dd90 code [0x000002a2c026df40, 0x000002a2c026e230]
Event: 0.272 Thread 0x000002a2d58489f0  541       3       java.lang.StringConcatHelper::stringOf (20 bytes)
Event: 0.272 Thread 0x000002a2d58489f0 nmethod 541 0x000002a2c026e310 code [0x000002a2c026e4a0, 0x000002a2c026e6d8]
Event: 0.273 Thread 0x000002a2d58489f0  542       3       java.lang.reflect.Array::newInstance (6 bytes)
Event: 0.274 Thread 0x000002a2d58489f0 nmethod 542 0x000002a2c026e790 code [0x000002a2c026e920, 0x000002a2c026ea30]
Event: 0.274 Thread 0x000002a2d58489f0  543       3       sun.invoke.util.VerifyAccess::isTypeVisible (47 bytes)
Event: 0.274 Thread 0x000002a2d58489f0 nmethod 543 0x000002a2c026eb10 code [0x000002a2c026ece0, 0x000002a2c026f0f0]
Event: 0.274 Thread 0x000002a2d58489f0  544       3       java.lang.invoke.ClassSpecializer$SpeciesData::fieldCount (10 bytes)
Event: 0.274 Thread 0x000002a2d58489f0 nmethod 544 0x000002a2c026f310 code [0x000002a2c026f4a0, 0x000002a2c026f678]
Event: 0.274 Thread 0x000002a2d58489f0  546       1       java.beans.PropertyChangeEvent::getOldValue (5 bytes)
Event: 0.274 Thread 0x000002a2d58489f0 nmethod 546 0x000002a2c7cba090 code [0x000002a2c7cba200, 0x000002a2c7cba2d0]
Event: 0.274 Thread 0x000002a2d58489f0  547       1       java.beans.PropertyChangeEvent::getNewValue (5 bytes)
Event: 0.274 Thread 0x000002a2d58489f0 nmethod 547 0x000002a2c7cba390 code [0x000002a2c7cba500, 0x000002a2c7cba5d0]

GC Heap History (0 events):
No events

Dll operation events (8 events):
Event: 0.014 Loaded shared library C:\Program Files\Java\jdk-20\bin\java.dll
Event: 0.024 Loaded shared library C:\Program Files\Java\jdk-20\bin\jsvml.dll
Event: 0.069 Loaded shared library C:\Program Files\Java\jdk-20\bin\net.dll
Event: 0.071 Loaded shared library C:\Program Files\Java\jdk-20\bin\nio.dll
Event: 0.091 Loaded shared library C:\Program Files\Java\jdk-20\bin\zip.dll
Event: 0.102 Loaded shared library C:\Program Files\Java\jdk-20\bin\jimage.dll
Event: 0.117 Loaded shared library C:\Program Files\Java\jdk-20\bin\awt.dll
Event: 0.265 Loaded shared library C:\Program Files\Java\jdk-20\bin\javajpeg.dll

Deoptimization events (8 events):
Event: 0.203 Thread 0x000002a2b810b5e0 Uncommon trap: trap_request=0xffffff45 fr.pc=0x000002a2c7c9fd34 relative=0x0000000000000ab4
Event: 0.203 Thread 0x000002a2b810b5e0 Uncommon trap: reason=unstable_if action=reinterpret pc=0x000002a2c7c9fd34 method=java.util.HashMap.putVal(ILjava/lang/Object;Ljava/lang/Object;ZZ)Ljava/lang/Object; @ 81 c2
Event: 0.203 Thread 0x000002a2b810b5e0 DEOPT PACKING pc=0x000002a2c7c9fd34 sp=0x000000b353afe260
Event: 0.203 Thread 0x000002a2b810b5e0 DEOPT UNPACKING pc=0x000002a2c7759d22 sp=0x000000b353afe210 mode 2
Event: 0.275 Thread 0x000002a2b810b5e0 Uncommon trap: trap_request=0xffffff45 fr.pc=0x000002a2c7cb7250 relative=0x0000000000000510
Event: 0.275 Thread 0x000002a2b810b5e0 Uncommon trap: reason=unstable_if action=reinterpret pc=0x000002a2c7cb7250 method=java.lang.StringLatin1.replace([BCC)Ljava/lang/String; @ 19 c2
Event: 0.275 Thread 0x000002a2b810b5e0 DEOPT PACKING pc=0x000002a2c7cb7250 sp=0x000000b353afe560
Event: 0.275 Thread 0x000002a2b810b5e0 DEOPT UNPACKING pc=0x000002a2c7759d22 sp=0x000000b353afe4e0 mode 2

Classes loaded (20 events):
Event: 0.273 Loading class java/awt/event/HierarchyListener done
Event: 0.273 Loading class java/awt/event/HierarchyBoundsListener
Event: 0.273 Loading class java/awt/event/HierarchyBoundsListener done
Event: 0.273 Loading class java/awt/event/MouseWheelListener
Event: 0.273 Loading class java/awt/event/MouseWheelListener done
Event: 0.273 Loading class java/awt/AWTEventMulticaster done
Event: 0.273 Loading class javax/swing/JToggleButton
Event: 0.273 Loading class javax/swing/JToggleButton done
Event: 0.273 Loading class javax/swing/event/AncestorListener
Event: 0.273 Loading class javax/swing/event/AncestorListener done
Event: 0.273 Loading class java/beans/VetoableChangeListener
Event: 0.273 Loading class java/beans/VetoableChangeListener done
Event: 0.274 Loading class javax/swing/BorderFactory
Event: 0.274 Loading class javax/swing/BorderFactory done
Event: 0.274 Loading class javax/swing/border/BevelBorder
Event: 0.274 Loading class javax/swing/border/BevelBorder done
Event: 0.274 Loading class javax/swing/border/EtchedBorder
Event: 0.274 Loading class javax/swing/border/EtchedBorder done
Event: 0.275 Loading class javax/swing/border/LineBorder
Event: 0.275 Loading class javax/swing/border/LineBorder done

Classes unloaded (0 events):
No events

Classes redefined (0 events):
No events

Internal exceptions (17 events):
Event: 0.072 Thread 0x000002a2b810b5e0 Exception <a 'sun/nio/fs/WindowsException'{0x000000074dbaf378}> (0x000000074dbaf378) 
thrown [s\open\src\hotspot\share\prims\jni.cpp, line 519]
Event: 0.073 Thread 0x000002a2b810b5e0 Exception <a 'sun/nio/fs/WindowsException'{0x000000074dbb1518}> (0x000000074dbb1518) 
thrown [s\open\src\hotspot\share\prims\jni.cpp, line 519]
Event: 0.074 Thread 0x000002a2b810b5e0 Exception <a 'sun/nio/fs/WindowsException'{0x000000074dbb2e30}> (0x000000074dbb2e30) 
thrown [s\open\src\hotspot\share\prims\jni.cpp, line 519]
Event: 0.074 Thread 0x000002a2b810b5e0 Exception <a 'sun/nio/fs/WindowsException'{0x000000074dbb4730}> (0x000000074dbb4730) 
thrown [s\open\src\hotspot\share\prims\jni.cpp, line 519]
Event: 0.074 Thread 0x000002a2b810b5e0 Exception <a 'sun/nio/fs/WindowsException'{0x000000074dbb50e0}> (0x000000074dbb50e0) 
thrown [s\open\src\hotspot\share\prims\jni.cpp, line 519]
Event: 0.075 Thread 0x000002a2b810b5e0 Exception <a 'sun/nio/fs/WindowsException'{0x000000074dbb5e48}> (0x000000074dbb5e48) 
thrown [s\open\src\hotspot\share\prims\jni.cpp, line 519]
Event: 0.108 Thread 0x000002a2b810b5e0 Exception <a 'java/lang/ClassNotFoundException'{0x000000074d859298}: sun/awt/resources/spi/awtProvider> (0x000000074d859298) 
thrown [s\open\src\hotspot\share\classfile\systemDictionary.cpp, line 305]
Event: 0.128 Thread 0x000002a2b810b5e0 Exception <a 'java/io/FileNotFoundException'{0x000000074d8afbd0}> (0x000000074d8afbd0) 
thrown [s\open\src\hotspot\share\prims\jni.cpp, line 519]
Event: 0.134 Thread 0x000002a2b810b5e0 Exception <a 'java/io/FileNotFoundException'{0x000000074d8d9e18}> (0x000000074d8d9e18) 
thrown [s\open\src\hotspot\share\prims\jni.cpp, line 519]
Event: 0.204 Thread 0x000002a2b810b5e0 Exception <a 'java/lang/NoSuchMethodError'{0x000000074d9e14e0}: 'void java.lang.invoke.DirectMethodHandle$Holder.invokeSpecial(java.lang.Object, java.lang.Object, java.lang.Object)'> (0x000000074d9e14e0) 
thrown [s\open\src\hotspot\share\interpreter\linkResolver.cpp, line 773]
Event: 0.212 Thread 0x000002a2b810b5e0 Exception <a 'java/lang/NoSuchMethodError'{0x000000074d60c358}: 'java.lang.Object java.lang.invoke.DirectMethodHandle$Holder.newInvokeSpecial(java.lang.Object, java.lang.Object, java.lang.Object, java.lang.Object, java.lang.Object)'> (0x000000074d60c358) 
thrown [s\open\src\hotspot\share\interpreter\linkResolver.cpp, line 773]
Event: 0.224 Thread 0x000002a2b810b5e0 Exception <a 'java/lang/NoSuchMethodError'{0x000000074d63cc00}: 'java.lang.Object java.lang.invoke.DirectMethodHandle$Holder.invokeStatic(java.lang.Object, int, java.lang.Object)'> (0x000000074d63cc00) 
thrown [s\open\src\hotspot\share\interpreter\linkResolver.cpp, line 773]
Event: 0.248 Thread 0x000002a2b810b5e0 Exception <a 'java/lang/ClassNotFoundException'{0x000000074d6f83f0}: com/sun/swing/internal/plaf/metal/resources/spi/metalProvider> (0x000000074d6f83f0) 
thrown [s\open\src\hotspot\share\classfile\systemDictionary.cpp, line 305]
Event: 0.249 Thread 0x000002a2b810b5e0 Exception <a 'java/lang/ClassNotFoundException'{0x000000074d6fc350}: com/sun/swing/internal/plaf/basic/resources/spi/basicProvider> (0x000000074d6fc350) 
thrown [s\open\src\hotspot\share\classfile\systemDictionary.cpp, line 305]
Event: 0.258 Thread 0x000002a2b810b5e0 Exception <a 'java/lang/NoSuchMethodError'{0x000000074d71b520}: 'int java.lang.invoke.Invokers$Holder.invokeExact_MT(java.lang.Object, java.lang.Object)'> (0x000000074d71b520) 
thrown [s\open\src\hotspot\share\interpreter\linkResolver.cpp, line 773]
Event: 0.266 Thread 0x000002a2d9f72910 Exception <a 'java/lang/NoSuchMethodError'{0x000000074d73f538}: 'java.lang.Object java.lang.invoke.DirectMethodHandle$Holder.newInvokeSpecial(java.lang.Object, java.lang.Object, java.lang.Object, int, int, int, int, int)'> (0x000000074d73f538) 
thrown [s\open\src\hotspot\share\interpreter\linkResolver.cpp, line 773]
Event: 0.267 Thread 0x000002a2d9f72910 Exception <a 'sun/awt/image/ImageFormatException'{0x000000074d74b1d8}: Insufficient memory (case 4)> (0x000000074d74b1d8) 
thrown [s\open\src\hotspot\share\prims\jni.cpp, line 538]

VM Operations (6 events):
Event: 0.075 Executing VM operation: HandshakeAllThreads
Event: 0.075 Executing VM operation: HandshakeAllThreads done
Event: 0.140 Executing VM operation: HandshakeAllThreads
Event: 0.140 Executing VM operation: HandshakeAllThreads done
Event: 0.271 Executing VM operation: HandshakeAllThreads
Event: 0.271 Executing VM operation: HandshakeAllThreads done

Events (15 events):
Event: 0.024 Thread 0x000002a2b810b5e0 Thread added: 0x000002a2b810b5e0
Event: 0.034 Thread 0x000002a2d58320b0 Thread added: 0x000002a2d58320b0
Event: 0.035 Thread 0x000002a2d5832eb0 Thread added: 0x000002a2d5832eb0
Event: 0.035 Thread 0x000002a2d5834730 Thread added: 0x000002a2d5834730
Event: 0.035 Thread 0x000002a2d5838190 Thread added: 0x000002a2d5838190
Event: 0.035 Thread 0x000002a2d58390e0 Thread added: 0x000002a2d58390e0
Event: 0.035 Thread 0x000002a2d5841b60 Thread added: 0x000002a2d5841b60
Event: 0.035 Thread 0x000002a2d5847f40 Thread added: 0x000002a2d5847f40
Event: 0.035 Thread 0x000002a2d58489f0 Thread added: 0x000002a2d58489f0
Event: 0.058 Thread 0x000002a2d9c9b480 Thread added: 0x000002a2d9c9b480
Event: 0.086 Thread 0x000002a2d9dae0a0 Thread added: 0x000002a2d9dae0a0
Event: 0.172 Thread 0x000002a2d9f1fc60 Thread added: 0x000002a2d9f1fc60
Event: 0.173 Thread 0x000002a2d9f38b80 Thread added: 0x000002a2d9f38b80
Event: 0.175 Thread 0x000002a2d9f3bb90 Thread added: 0x000002a2d9f3bb90
Event: 0.263 Thread 0x000002a2d9f72910 Thread added: 0x000002a2d9f72910


Dynamic libraries:
0x00007ff633880000 - 0x00007ff633890000 	C:\Program Files\Java\jdk-20\bin\java.exe
0x00007fffc1e50000 - 0x00007fffc2067000 	C:\Windows\SYSTEM32\ntdll.dll
0x00007fffc1300000 - 0x00007fffc13c4000 	C:\Windows\System32\KERNEL32.DLL
0x00007fffbf7f0000 - 0x00007fffbfb96000 	C:\Windows\System32\KERNELBASE.dll
0x00007fffbf560000 - 0x00007fffbf671000 	C:\Windows\System32\ucrtbase.dll
0x00007fffa2ae0000 - 0x00007fffa2af9000 	C:\Program Files\Java\jdk-20\bin\jli.dll
0x00007fff8d6d0000 - 0x00007fff8d6eb000 	C:\Program Files\Java\jdk-20\bin\VCRUNTIME140.dll
0x00007fffc1bc0000 - 0x00007fffc1c73000 	C:\Windows\System32\ADVAPI32.dll
0x00007fffc1600000 - 0x00007fffc16a7000 	C:\Windows\System32\msvcrt.dll
0x00007fffc0270000 - 0x00007fffc0318000 	C:\Windows\System32\sechost.dll
0x00007fffbf2c0000 - 0x00007fffbf2e8000 	C:\Windows\System32\bcrypt.dll
0x00007fffc14a0000 - 0x00007fffc15b7000 	C:\Windows\System32\RPCRT4.dll
0x00007fffc0330000 - 0x00007fffc04de000 	C:\Windows\System32\USER32.dll
0x00007fffbf2f0000 - 0x00007fffbf316000 	C:\Windows\System32\win32u.dll
0x00007fffa4680000 - 0x00007fffa4913000 	C:\Windows\WinSxS\amd64_microsoft.windows.common-controls_6595b64144ccf1df_6.0.22621.2506_none_270c5ae97388e100\COMCTL32.dll
0x00007fffc1430000 - 0x00007fffc1459000 	C:\Windows\System32\GDI32.dll
0x00007fffbf440000 - 0x00007fffbf558000 	C:\Windows\System32\gdi32full.dll
0x00007fffbf3a0000 - 0x00007fffbf43a000 	C:\Windows\System32\msvcp_win.dll
0x00007fffb8fc0000 - 0x00007fffb8fca000 	C:\Windows\SYSTEM32\VERSION.dll
0x00007fffc15c0000 - 0x00007fffc15f1000 	C:\Windows\System32\IMM32.DLL
0x00007fffb9e90000 - 0x00007fffb9e9c000 	C:\Program Files\Java\jdk-20\bin\vcruntime140_1.dll
0x00007fff87890000 - 0x00007fff8791e000 	C:\Program Files\Java\jdk-20\bin\msvcp140.dll
0x00007fff32cc0000 - 0x00007fff33957000 	C:\Program Files\Java\jdk-20\bin\server\jvm.dll
0x00007fffb89e0000 - 0x00007fffb8a14000 	C:\Windows\SYSTEM32\WINMM.dll
0x00007fff999f0000 - 0x00007fff999f9000 	C:\Windows\SYSTEM32\WSOCK32.dll
0x00007fffc16b0000 - 0x00007fffc1721000 	C:\Windows\System32\WS2_32.dll
0x00007fffbe2b0000 - 0x00007fffbe2c8000 	C:\Windows\SYSTEM32\kernel.appcore.dll
0x00007fffa2a50000 - 0x00007fffa2a5a000 	C:\Program Files\Java\jdk-20\bin\jimage.dll
0x00007fffbcc90000 - 0x00007fffbcec3000 	C:\Windows\SYSTEM32\DBGHELP.DLL
0x00007fffc1730000 - 0x00007fffc1ab9000 	C:\Windows\System32\combase.dll
0x00007fffc1d30000 - 0x00007fffc1e07000 	C:\Windows\System32\OLEAUT32.dll
0x00007fff966d0000 - 0x00007fff96702000 	C:\Windows\SYSTEM32\dbgcore.DLL
0x00007fffbf320000 - 0x00007fffbf39a000 	C:\Windows\System32\bcryptPrimitives.dll
0x00007fff8ad60000 - 0x00007fff8ad86000 	C:\Program Files\Java\jdk-20\bin\java.dll
0x00007fff79570000 - 0x00007fff79647000 	C:\Program Files\Java\jdk-20\bin\jsvml.dll
0x00007fffc0680000 - 0x00007fffc0eda000 	C:\Windows\System32\SHELL32.dll
0x00007fffbd0f0000 - 0x00007fffbd9e6000 	C:\Windows\SYSTEM32\windows.storage.dll
0x00007fffbcfb0000 - 0x00007fffbd0ee000 	C:\Windows\SYSTEM32\wintypes.dll
0x00007fffc1ac0000 - 0x00007fffc1bb3000 	C:\Windows\System32\SHCORE.dll
0x00007fffc1140000 - 0x00007fffc119e000 	C:\Windows\System32\shlwapi.dll
0x00007fffbf0c0000 - 0x00007fffbf0e6000 	C:\Windows\SYSTEM32\profapi.dll
0x00007fff8c3d0000 - 0x00007fff8c3e3000 	C:\Program Files\Java\jdk-20\bin\net.dll
0x00007fffb85f0000 - 0x00007fffb8727000 	C:\Windows\SYSTEM32\WINHTTP.dll
0x00007fffbe730000 - 0x00007fffbe799000 	C:\Windows\system32\mswsock.dll
0x00007fff882e0000 - 0x00007fff882f6000 	C:\Program Files\Java\jdk-20\bin\nio.dll
0x00007fff882c0000 - 0x00007fff882d8000 	C:\Program Files\Java\jdk-20\bin\zip.dll
0x00007fff77330000 - 0x00007fff774c1000 	C:\Program Files\Java\jdk-20\bin\awt.dll
0x00007fffbc230000 - 0x00007fffbc2c7000 	C:\Windows\SYSTEM32\apphelp.dll
0x00007fffbc670000 - 0x00007fffbc69b000 	C:\Windows\system32\DWMAPI.DLL
0x00007fffbc330000 - 0x00007fffbc3db000 	C:\Windows\system32\uxtheme.dll
0x00007fffa5500000 - 0x00007fffa5600000 	C:\Windows\system32\opengl32.dll
0x00007fffa5b50000 - 0x00007fffa5b7d000 	C:\Windows\SYSTEM32\GLU32.dll
0x00007fffbc430000 - 0x00007fffbc466000 	C:\Windows\SYSTEM32\dxcore.dll
0x00007fffc0ee0000 - 0x00007fffc1030000 	C:\Windows\System32\MSCTF.dll
0x00007fffc04e0000 - 0x00007fffc0680000 	C:\Windows\System32\ole32.dll
0x00007fffa26c0000 - 0x00007fffa26ee000 	C:\Program Files\Java\jdk-20\bin\javajpeg.dll

dbghelp: loaded successfully - version: 4.0.5 - missing functions: none
symbol engine: initialized successfully - sym options: 0x614 - pdb path: .;C:\Program Files\Java\jdk-20\bin;C:\Windows\SYSTEM32;C:\Windows\WinSxS\amd64_microsoft.windows.common-controls_6595b64144ccf1df_6.0.22621.2506_none_270c5ae97388e100;C:\Program Files\Java\jdk-20\bin\server

VM Arguments:
jvm_args: -Dfile.encoding=UTF-8 --module-path=C:\Users\DAVIDE\Desktop\guitar-hero\build\classes 
java_command: prova.GUI
java_class_path (initial): C:\Users\DAVIDE\Desktop\guitar-hero\librerie\json-20220320.jar;C:\Users\DAVIDE\Desktop\guitar-hero\build\classes
Launcher Type: SUN_STANDARD

[Global flags]
     intx CICompilerCount                          = 3                                         {product} {ergonomic}
     uint ConcGCThreads                            = 1                                         {product} {ergonomic}
     uint G1ConcRefinementThreads                  = 4                                         {product} {ergonomic}
   size_t G1HeapRegionSize                         = 2097152                                   {product} {ergonomic}
    uintx GCDrainStackTargetSize                   = 64                                        {product} {ergonomic}
   size_t InitialHeapSize                          = 201326592                                 {product} {ergonomic}
   size_t MarkStackSize                            = 4194304                                   {product} {ergonomic}
   size_t MaxHeapSize                              = 3191865344                                {product} {ergonomic}
   size_t MaxNewSize                               = 1914699776                                {product} {ergonomic}
   size_t MinHeapDeltaBytes                        = 2097152                                   {product} {ergonomic}
   size_t MinHeapSize                              = 8388608                                   {product} {ergonomic}
    uintx NonNMethodCodeHeapSize                   = 5832780                                {pd product} {ergonomic}
    uintx NonProfiledCodeHeapSize                  = 122912730                              {pd product} {ergonomic}
    uintx ProfiledCodeHeapSize                     = 122912730                              {pd product} {ergonomic}
    uintx ReservedCodeCacheSize                    = 251658240                              {pd product} {ergonomic}
     bool SegmentedCodeCache                       = true                                      {product} {ergonomic}
   size_t SoftMaxHeapSize                          = 3191865344                             {manageable} {ergonomic}
     bool UseCompressedClassPointers               = true                           {product lp64_product} {ergonomic}
     bool UseCompressedOops                        = true                           {product lp64_product} {ergonomic}
     bool UseG1GC                                  = true                                      {product} {ergonomic}
     bool UseLargePagesIndividualAllocation        = false                                  {pd product} {ergonomic}

Logging:
Log output configuration:
 #0: stdout all=warning uptime,level,tags foldmultilines=false
 #1: stderr all=off uptime,level,tags foldmultilines=false

Environment Variables:
PATH=C:\Program Files\Common Files\Oracle\Java\javapath;C:\Program Files (x86)\Common Files\Oracle\Java\javapath;C:\Windows\system32;C:\Windows;C:\Windows\System32\Wbem;C:\Windows\System32\WindowsPowerShell\v1.0\;C:\Windows\System32\OpenSSH\;C:\Program Files (x86)\Common Files\Acronis\SnapAPI\;C:\Program Files (x86)\Common Files\Acronis\VirtualFile\;C:\Program Files (x86)\Common Files\Acronis\VirtualFile64\;C:\Program Files (x86)\NVIDIA Corporation\PhysX\Common;C:\Program Files\NVIDIA Corporation\NVIDIA NvDLISR;C:\Program Files (x86)\QuickTime\QTSystem\;C:\Program Files\Git\cmd;C:\Users\DAVIDE\AppData\Local\Microsoft\WindowsApps;;C:\Users\DAVIDE\AppData\Local\Programs\Microsoft VS Code\bin
USERNAME=DAVIDE
OS=Windows_NT
PROCESSOR_IDENTIFIER=Intel64 Family 6 Model 142 Stepping 9, GenuineIntel
TMP=C:\Users\DAVIDE\AppData\Local\Temp
TEMP=C:\Users\DAVIDE\AppData\Local\Temp




---------------  S Y S T E M  ---------------

OS:
 Windows 11 , 64 bit Build 22621 (10.0.22621.2506)
OS uptime: 3 days 7:39 hours

CPU: total 4 (initial active 4) (2 cores per cpu, 2 threads per core) family 6 model 142 stepping 9 microcode 0xde, cx8, cmov, fxsr, ht, mmx, 3dnowpref, sse, sse2, sse3, ssse3, sse4.1, sse4.2, popcnt, lzcnt, tsc, tscinvbit, avx, avx2, aes, erms, clmul, bmi1, bmi2, adx, fma, vzeroupper, clflush, clflushopt, rdtscp, f16c

Memory: 4k page, system-wide physical 12172M (3352M free)
TotalPageFile size 12172M (AvailPageFile size 4M)
current process WorkingSet (physical memory assigned to process): 48M, peak: 48M
current process commit charge ("private bytes"): 274M, peak: 274M

vm_info: Java HotSpot(TM) 64-Bit Server VM (20+36-2344) for windows-amd64 JRE (20+36-2344), built on 2023-02-10T19:30:15Z by "mach5one" with MS VC++ 17.1 (VS2022)

END.
